<?xml version="1.0" encoding="UTF-8"?>
<robot generator="Robot 6.0.2 (Python 3.11.2 on win32)" generated="20230323 15:25:49.942" rpa="false" schemaversion="3">
<suite id="s1" name="Subtrair" source="C:\Projetos\BrowserStack-Robot\features\Subtrair.robot">
<test id="s1-t1" name="Cenário 02: Subtrair dois numeros corretamente" line="7">
<kw name="Dado que estou na pagina da calculadora" library="BDDpt-br" sourcename="Dado ${keyword}">
<kw name="Run Keyword" library="BuiltIn">
<arg>${keyword}</arg>
<doc>Executes the given keyword with the given arguments.</doc>
<kw name="que estou na pagina da calculadora" library="SuitTestCommon">
<kw name="Set Appium Timeout" library="AppiumLibrary">
<arg>15s</arg>
<doc>Sets the timeout in seconds used by various keywords.</doc>
<status status="PASS" starttime="20230323 15:25:50.384" endtime="20230323 15:25:50.384"/>
</kw>
<kw name="Open app" library="SuiteOnePlus">
<kw name="Open Application" library="AppiumLibrary">
<arg>app=${APP_ID}</arg>
<arg>remote_url=${REMOTE_URL}</arg>
<arg>deviceName=OnePlus 9</arg>
<arg>name=Teste paralelo pelo Robot</arg>
<arg>build=browserstack-robot-framework</arg>
<arg>platformName=Android</arg>
<doc>Opens a new application to given Appium server.
Capabilities of appium server, Android and iOS,
Please check https://github.com/appium/appium/blob/master/docs/en/writing-running-appium/server-args.md
| *Option*            | *Man.* | *Description*     |
| remote_url          | Yes    | Appium server url |
| alias               | no     | alias             |
| strict_ssl          | No     | allows you to send commands to an invalid certificate host like a self-signed one. |</doc>
<status status="PASS" starttime="20230323 15:25:50.385" endtime="20230323 15:26:06.983"/>
</kw>
<kw name="IMPLICIT WAIT" library="implicit-wait">
<arg>15</arg>
<status status="PASS" starttime="20230323 15:26:06.983" endtime="20230323 15:26:07.197"/>
</kw>
<status status="PASS" starttime="20230323 15:25:50.384" endtime="20230323 15:26:07.198"/>
</kw>
<kw name="Wait Until Page Contains Element" library="AppiumLibrary">
<arg>${btnMult}</arg>
<doc>Waits until element specified with `locator` appears on current page.</doc>
<msg timestamp="20230323 15:26:07.473" level="INFO">criteria is android_button_mult</msg>
<status status="PASS" starttime="20230323 15:26:07.198" endtime="20230323 15:26:07.474"/>
</kw>
<kw name="Wait Until Element Is Visible" library="AppiumLibrary">
<arg>${btnMult}</arg>
<doc>Waits until element specified with `locator` is visible.</doc>
<msg timestamp="20230323 15:26:07.958" level="INFO">criteria is android_button_mult</msg>
<status status="PASS" starttime="20230323 15:26:07.474" endtime="20230323 15:26:07.959"/>
</kw>
<status status="PASS" starttime="20230323 15:25:50.384" endtime="20230323 15:26:07.960"/>
</kw>
<status status="PASS" starttime="20230323 15:25:50.381" endtime="20230323 15:26:07.960"/>
</kw>
<status status="PASS" starttime="20230323 15:25:50.381" endtime="20230323 15:26:07.961"/>
</kw>
<kw name="Quando digito o numero 8 no primeiro campo" library="BDDpt-br" sourcename="Quando ${keyword}">
<kw name="Run Keyword" library="BuiltIn">
<arg>${keyword}</arg>
<doc>Executes the given keyword with the given arguments.</doc>
<kw name="digito o numero 8 no primeiro campo" library="SuitTestCommon">
<kw name="Click Element" library="AppiumLibrary">
<arg>${cmpFirstNumber}</arg>
<doc>Click element identified by `locator`.</doc>
<msg timestamp="20230323 15:26:07.983" level="INFO">Clicking element 'xpath=//android.widget.EditText[@text='FIRST NUMBER']'.</msg>
<msg timestamp="20230323 15:26:08.499" level="INFO">xpath criteria: //android.widget.EditText[@text='FIRST NUMBER']</msg>
<status status="PASS" starttime="20230323 15:26:07.976" endtime="20230323 15:26:08.499"/>
</kw>
<kw name="Input Text" library="AppiumLibrary">
<arg>${cmpFirstNumber}</arg>
<arg>8</arg>
<doc>Types the given `text` into text field identified by `locator`.</doc>
<msg timestamp="20230323 15:26:08.502" level="INFO">Typing text '8' into text field 'xpath=//android.widget.EditText[@text='FIRST NUMBER']'</msg>
<msg timestamp="20230323 15:26:10.211" level="INFO">xpath criteria: //android.widget.EditText[@text='FIRST NUMBER']</msg>
<status status="PASS" starttime="20230323 15:26:08.500" endtime="20230323 15:26:10.211"/>
</kw>
<kw name="Hide Keyboard" library="AppiumLibrary">
<doc>Hides the software keyboard on the device. (optional) In iOS, use `key_name` to press
a particular key, ex. `Done`. In Android, no parameters are used.</doc>
<status status="PASS" starttime="20230323 15:26:10.211" endtime="20230323 15:26:13.365"/>
</kw>
<status status="PASS" starttime="20230323 15:26:07.975" endtime="20230323 15:26:13.366"/>
</kw>
<status status="PASS" starttime="20230323 15:26:07.964" endtime="20230323 15:26:13.367"/>
</kw>
<status status="PASS" starttime="20230323 15:26:07.962" endtime="20230323 15:26:13.368"/>
</kw>
<kw name="E digito o numero 2 no segundo campo" library="BDDpt-br" sourcename="E ${keyword}">
<kw name="Run Keyword" library="BuiltIn">
<arg>${keyword}</arg>
<doc>Executes the given keyword with the given arguments.</doc>
<kw name="digito o numero 2 no segundo campo" library="SuitTestCommon">
<kw name="Click Element" library="AppiumLibrary">
<arg>${cmpSecondNumber}</arg>
<doc>Click element identified by `locator`.</doc>
<msg timestamp="20230323 15:26:13.392" level="INFO">Clicking element 'id=android_field_second_number'.</msg>
<msg timestamp="20230323 15:26:14.588" level="INFO">criteria is android_field_second_number</msg>
<status status="PASS" starttime="20230323 15:26:13.384" endtime="20230323 15:26:14.589"/>
</kw>
<kw name="Input Text" library="AppiumLibrary">
<arg>${cmpSecondNumber}</arg>
<arg>2</arg>
<doc>Types the given `text` into text field identified by `locator`.</doc>
<msg timestamp="20230323 15:26:14.601" level="INFO">Typing text '2' into text field 'id=android_field_second_number'</msg>
<msg timestamp="20230323 15:26:15.802" level="INFO">criteria is android_field_second_number</msg>
<status status="PASS" starttime="20230323 15:26:14.590" endtime="20230323 15:26:15.803"/>
</kw>
<kw name="Hide Keyboard" library="AppiumLibrary">
<doc>Hides the software keyboard on the device. (optional) In iOS, use `key_name` to press
a particular key, ex. `Done`. In Android, no parameters are used.</doc>
<status status="PASS" starttime="20230323 15:26:15.803" endtime="20230323 15:26:18.960"/>
</kw>
<status status="PASS" starttime="20230323 15:26:13.383" endtime="20230323 15:26:18.962"/>
</kw>
<status status="PASS" starttime="20230323 15:26:13.370" endtime="20230323 15:26:18.962"/>
</kw>
<status status="PASS" starttime="20230323 15:26:13.368" endtime="20230323 15:26:18.963"/>
</kw>
<kw name="E clico no simbolo de subtração" library="BDDpt-br" sourcename="E ${keyword}">
<kw name="Run Keyword" library="BuiltIn">
<arg>${keyword}</arg>
<doc>Executes the given keyword with the given arguments.</doc>
<kw name="clico no simbolo de subtração" library="SuitTestCommon">
<kw name="Click Element" library="AppiumLibrary">
<arg>${btnSub}</arg>
<doc>Click element identified by `locator`.</doc>
<msg timestamp="20230323 15:26:18.976" level="INFO">Clicking element 'id=android_button_sub'.</msg>
<msg timestamp="20230323 15:26:19.489" level="INFO">criteria is android_button_sub</msg>
<status status="PASS" starttime="20230323 15:26:18.973" endtime="20230323 15:26:19.489"/>
</kw>
<status status="PASS" starttime="20230323 15:26:18.972" endtime="20230323 15:26:19.490"/>
</kw>
<status status="PASS" starttime="20230323 15:26:18.966" endtime="20230323 15:26:19.491"/>
</kw>
<status status="PASS" starttime="20230323 15:26:18.964" endtime="20230323 15:26:19.491"/>
</kw>
<kw name="Entao me e retornado o resultado 6" library="BDDpt-br" sourcename="Entao ${keyword}">
<kw name="Run Keyword" library="BuiltIn">
<arg>${keyword}</arg>
<doc>Executes the given keyword with the given arguments.</doc>
<kw name="me e retornado o resultado 6" library="SuitTestCommon">
<kw name="Element Should Contain Text" library="AppiumLibrary">
<arg>${txtResult}</arg>
<arg>6</arg>
<doc>Verifies element identified by ``locator`` contains text ``expected``.</doc>
<msg timestamp="20230323 15:26:19.509" level="INFO">Verifying element 'id=android_result_text' contains text '6'.</msg>
<msg timestamp="20230323 15:26:20.247" level="INFO">criteria is android_result_text</msg>
<status status="PASS" starttime="20230323 15:26:19.505" endtime="20230323 15:26:20.247"/>
</kw>
<status status="PASS" starttime="20230323 15:26:19.504" endtime="20230323 15:26:20.248"/>
</kw>
<status status="PASS" starttime="20230323 15:26:19.494" endtime="20230323 15:26:20.248"/>
</kw>
<status status="PASS" starttime="20230323 15:26:19.492" endtime="20230323 15:26:20.249"/>
</kw>
<kw name="Close app" library="SuitTestCommon" type="TEARDOWN">
<kw name="Close Application" library="AppiumLibrary">
<doc>Closes the current application and also close webdriver session.</doc>
<status status="PASS" starttime="20230323 15:26:20.252" endtime="20230323 15:26:21.034"/>
</kw>
<status status="PASS" starttime="20230323 15:26:20.250" endtime="20230323 15:26:21.034"/>
</kw>
<tag>ct-002</tag>
<status status="PASS" starttime="20230323 15:25:50.380" endtime="20230323 15:26:21.034"/>
</test>
<status status="PASS" starttime="20230323 15:25:49.955" endtime="20230323 15:26:21.036"/>
</suite>
<statistics>
<total>
<stat pass="1" fail="0" skip="0">All Tests</stat>
</total>
<tag>
<stat pass="1" fail="0" skip="0">ct-002</stat>
</tag>
<suite>
<stat pass="1" fail="0" skip="0" id="s1" name="Subtrair">Subtrair</stat>
</suite>
</statistics>
<errors>
<msg timestamp="20230323 15:25:50.377" level="ERROR">Error in file 'C:\Projetos\BrowserStack-Robot\common\SuitTestCommon.robot' on line 9: Error in file 'C:\Projetos\BrowserStack-Robot\parallel\SuitePixel6.robot' on line 12: Resource file with 'Test Cases' section is invalid.</msg>
<msg timestamp="20230323 15:25:50.378" level="ERROR">Error in file 'C:\Projetos\BrowserStack-Robot\common\SuitTestCommon.robot' on line 10: Error in file 'C:\Projetos\BrowserStack-Robot\parallel\SuiteS23Ultra.robot' on line 12: Resource file with 'Test Cases' section is invalid.</msg>
</errors>
</robot>
