<?xml version="1.0" encoding="UTF-8"?>
<robot generator="Robot 6.0.2 (Python 3.11.2 on win32)" generated="20230329 10:23:18.181" rpa="false" schemaversion="3">
<suite id="s1" name="EsquemaDeCenarioFeature" source="C:\Projetos\BrowserStack-Robot\features\EsquemaDeCenarioFeature.robot">
<test id="s1-t1" name="Scenario Outline 01 - Abrir calculadora device" line="25">
<kw name="Template Scenario Outline 01 - Devices">
<arg>Samsung Galaxy S23 Ultra</arg>
<arg>5</arg>
<arg>5</arg>
<arg>10</arg>
<kw name="Dado que estou na pagina da calculadora no device ${DEVICE}" library="EsquemaDeCenario" sourcename="Dado que estou na pagina da calculadora no device ${d}">
<kw name="Set Test Variable" library="BuiltIn">
<arg>${DEVICE}</arg>
<arg>${d}</arg>
<doc>Makes a variable available everywhere within the scope of the current test.</doc>
<msg timestamp="20230329 10:23:18.621" level="INFO">${DEVICE} = Samsung Galaxy S23 Ultra</msg>
<status status="PASS" starttime="20230329 10:23:18.620" endtime="20230329 10:23:18.621"/>
</kw>
<kw name="inicia app" library="MobileManager">
<arg>${DEVICE}</arg>
<kw name="Open Application" library="AppiumLibrary">
<arg>app=${APP_ID}</arg>
<arg>remote_url=${REMOTE_URL}</arg>
<arg>deviceName=${DEVICE}</arg>
<arg>name=Teste rOBOT</arg>
<arg>build=browserstack-robot-framework</arg>
<arg>platformName=${ANDROID_PLATFORM_NAME}</arg>
<arg>autoGrantPermissions=${True}</arg>
<doc>Opens a new application to given Appium server.
Capabilities of appium server, Android and iOS,
Please check https://github.com/appium/appium/blob/master/docs/en/writing-running-appium/server-args.md
| *Option*            | *Man.* | *Description*     |
| remote_url          | Yes    | Appium server url |
| alias               | no     | alias             |
| strict_ssl          | No     | allows you to send commands to an invalid certificate host like a self-signed one. |</doc>
<kw name="Capture Page Screenshot" library="AppiumLibrary">
<doc>Takes a screenshot of the current page and embeds it into the log.</doc>
<msg timestamp="20230329 10:23:19.858" level="FAIL">No application is open</msg>
<status status="FAIL" starttime="20230329 10:23:19.857" endtime="20230329 10:23:19.865"/>
</kw>
<msg timestamp="20230329 10:23:19.865" level="WARN">Keyword 'Capture Page Screenshot' could not be run on failure: No application is open</msg>
<msg timestamp="20230329 10:23:19.868" level="FAIL">WebDriverException: Message: App Automate testing time has expired. Contact BrowserStack Support at https://www.browserstack.com/contact for extending your Free Trial.
</msg>
<status status="FAIL" starttime="20230329 10:23:18.622" endtime="20230329 10:23:19.869"/>
</kw>
<kw name="IMPLICIT WAIT" library="implicit-wait">
<arg>15</arg>
<status status="NOT RUN" starttime="20230329 10:23:19.869" endtime="20230329 10:23:19.869"/>
</kw>
<status status="FAIL" starttime="20230329 10:23:18.621" endtime="20230329 10:23:19.869"/>
</kw>
<kw name="Wait Until Element Is Visible" library="AppiumLibrary">
<arg>${btnMult}</arg>
<doc>Waits until element specified with `locator` is visible.</doc>
<status status="NOT RUN" starttime="20230329 10:23:19.869" endtime="20230329 10:23:19.869"/>
</kw>
<status status="FAIL" starttime="20230329 10:23:18.619" endtime="20230329 10:23:19.869"/>
</kw>
<kw name="Quando digito o numero ${NUMERO_1}" library="EsquemaDeCenario" sourcename="Quando digito o numero ${x}">
<status status="NOT RUN" starttime="20230329 10:23:19.870" endtime="20230329 10:23:19.870"/>
</kw>
<kw name="E somo com o numero ${NUMERO_2}" library="EsquemaDeCenario" sourcename="E somo com o numero ${y}">
<status status="NOT RUN" starttime="20230329 10:23:19.870" endtime="20230329 10:23:19.870"/>
</kw>
<kw name="Entao o resultado obtido é ${RESULTADO}" library="EsquemaDeCenario" sourcename="Entao o resultado obtido é ${z}">
<status status="NOT RUN" starttime="20230329 10:23:19.870" endtime="20230329 10:23:19.870"/>
</kw>
<status status="FAIL" starttime="20230329 10:23:18.618" endtime="20230329 10:23:19.870"/>
</kw>
<kw name="Template Scenario Outline 01 - Devices">
<arg>Google Pixel 6</arg>
<arg>6</arg>
<arg>6</arg>
<arg>12</arg>
<kw name="Dado que estou na pagina da calculadora no device ${DEVICE}" library="EsquemaDeCenario" sourcename="Dado que estou na pagina da calculadora no device ${d}">
<kw name="Set Test Variable" library="BuiltIn">
<arg>${DEVICE}</arg>
<arg>${d}</arg>
<doc>Makes a variable available everywhere within the scope of the current test.</doc>
<msg timestamp="20230329 10:23:19.873" level="INFO">${DEVICE} = Google Pixel 6</msg>
<status status="PASS" starttime="20230329 10:23:19.871" endtime="20230329 10:23:19.873"/>
</kw>
<kw name="inicia app" library="MobileManager">
<arg>${DEVICE}</arg>
<kw name="Open Application" library="AppiumLibrary">
<arg>app=${APP_ID}</arg>
<arg>remote_url=${REMOTE_URL}</arg>
<arg>deviceName=${DEVICE}</arg>
<arg>name=Teste rOBOT</arg>
<arg>build=browserstack-robot-framework</arg>
<arg>platformName=${ANDROID_PLATFORM_NAME}</arg>
<arg>autoGrantPermissions=${True}</arg>
<doc>Opens a new application to given Appium server.
Capabilities of appium server, Android and iOS,
Please check https://github.com/appium/appium/blob/master/docs/en/writing-running-appium/server-args.md
| *Option*            | *Man.* | *Description*     |
| remote_url          | Yes    | Appium server url |
| alias               | no     | alias             |
| strict_ssl          | No     | allows you to send commands to an invalid certificate host like a self-signed one. |</doc>
<kw name="Capture Page Screenshot" library="AppiumLibrary">
<doc>Takes a screenshot of the current page and embeds it into the log.</doc>
<msg timestamp="20230329 10:23:20.757" level="FAIL">No application is open</msg>
<status status="FAIL" starttime="20230329 10:23:20.754" endtime="20230329 10:23:20.764"/>
</kw>
<msg timestamp="20230329 10:23:20.766" level="WARN">Keyword 'Capture Page Screenshot' could not be run on failure: No application is open</msg>
<msg timestamp="20230329 10:23:20.773" level="FAIL">WebDriverException: Message: App Automate testing time has expired. Contact BrowserStack Support at https://www.browserstack.com/contact for extending your Free Trial.
</msg>
<status status="FAIL" starttime="20230329 10:23:19.873" endtime="20230329 10:23:20.776"/>
</kw>
<kw name="IMPLICIT WAIT" library="implicit-wait">
<arg>15</arg>
<status status="NOT RUN" starttime="20230329 10:23:20.776" endtime="20230329 10:23:20.776"/>
</kw>
<status status="FAIL" starttime="20230329 10:23:19.873" endtime="20230329 10:23:20.776"/>
</kw>
<kw name="Wait Until Element Is Visible" library="AppiumLibrary">
<arg>${btnMult}</arg>
<doc>Waits until element specified with `locator` is visible.</doc>
<status status="NOT RUN" starttime="20230329 10:23:20.776" endtime="20230329 10:23:20.776"/>
</kw>
<status status="FAIL" starttime="20230329 10:23:19.871" endtime="20230329 10:23:20.776"/>
</kw>
<kw name="Quando digito o numero ${NUMERO_1}" library="EsquemaDeCenario" sourcename="Quando digito o numero ${x}">
<status status="NOT RUN" starttime="20230329 10:23:20.776" endtime="20230329 10:23:20.776"/>
</kw>
<kw name="E somo com o numero ${NUMERO_2}" library="EsquemaDeCenario" sourcename="E somo com o numero ${y}">
<status status="NOT RUN" starttime="20230329 10:23:20.776" endtime="20230329 10:23:20.776"/>
</kw>
<kw name="Entao o resultado obtido é ${RESULTADO}" library="EsquemaDeCenario" sourcename="Entao o resultado obtido é ${z}">
<status status="NOT RUN" starttime="20230329 10:23:20.776" endtime="20230329 10:23:20.776"/>
</kw>
<status status="FAIL" starttime="20230329 10:23:19.871" endtime="20230329 10:23:20.776"/>
</kw>
<kw name="Template Scenario Outline 01 - Devices">
<arg>Xiaomi Redmi Note 11</arg>
<arg>7</arg>
<arg>7</arg>
<arg>14</arg>
<kw name="Dado que estou na pagina da calculadora no device ${DEVICE}" library="EsquemaDeCenario" sourcename="Dado que estou na pagina da calculadora no device ${d}">
<kw name="Set Test Variable" library="BuiltIn">
<arg>${DEVICE}</arg>
<arg>${d}</arg>
<doc>Makes a variable available everywhere within the scope of the current test.</doc>
<msg timestamp="20230329 10:23:20.783" level="INFO">${DEVICE} = Xiaomi Redmi Note 11</msg>
<status status="PASS" starttime="20230329 10:23:20.783" endtime="20230329 10:23:20.783"/>
</kw>
<kw name="inicia app" library="MobileManager">
<arg>${DEVICE}</arg>
<kw name="Open Application" library="AppiumLibrary">
<arg>app=${APP_ID}</arg>
<arg>remote_url=${REMOTE_URL}</arg>
<arg>deviceName=${DEVICE}</arg>
<arg>name=Teste rOBOT</arg>
<arg>build=browserstack-robot-framework</arg>
<arg>platformName=${ANDROID_PLATFORM_NAME}</arg>
<arg>autoGrantPermissions=${True}</arg>
<doc>Opens a new application to given Appium server.
Capabilities of appium server, Android and iOS,
Please check https://github.com/appium/appium/blob/master/docs/en/writing-running-appium/server-args.md
| *Option*            | *Man.* | *Description*     |
| remote_url          | Yes    | Appium server url |
| alias               | no     | alias             |
| strict_ssl          | No     | allows you to send commands to an invalid certificate host like a self-signed one. |</doc>
<kw name="Capture Page Screenshot" library="AppiumLibrary">
<doc>Takes a screenshot of the current page and embeds it into the log.</doc>
<msg timestamp="20230329 10:23:21.575" level="FAIL">No application is open</msg>
<status status="FAIL" starttime="20230329 10:23:21.574" endtime="20230329 10:23:21.584"/>
</kw>
<msg timestamp="20230329 10:23:21.585" level="WARN">Keyword 'Capture Page Screenshot' could not be run on failure: No application is open</msg>
<msg timestamp="20230329 10:23:21.590" level="FAIL">WebDriverException: Message: App Automate testing time has expired. Contact BrowserStack Support at https://www.browserstack.com/contact for extending your Free Trial.
</msg>
<status status="FAIL" starttime="20230329 10:23:20.783" endtime="20230329 10:23:21.594"/>
</kw>
<kw name="IMPLICIT WAIT" library="implicit-wait">
<arg>15</arg>
<status status="NOT RUN" starttime="20230329 10:23:21.594" endtime="20230329 10:23:21.594"/>
</kw>
<status status="FAIL" starttime="20230329 10:23:20.783" endtime="20230329 10:23:21.594"/>
</kw>
<kw name="Wait Until Element Is Visible" library="AppiumLibrary">
<arg>${btnMult}</arg>
<doc>Waits until element specified with `locator` is visible.</doc>
<status status="NOT RUN" starttime="20230329 10:23:21.595" endtime="20230329 10:23:21.595"/>
</kw>
<status status="FAIL" starttime="20230329 10:23:20.783" endtime="20230329 10:23:21.595"/>
</kw>
<kw name="Quando digito o numero ${NUMERO_1}" library="EsquemaDeCenario" sourcename="Quando digito o numero ${x}">
<status status="NOT RUN" starttime="20230329 10:23:21.595" endtime="20230329 10:23:21.595"/>
</kw>
<kw name="E somo com o numero ${NUMERO_2}" library="EsquemaDeCenario" sourcename="E somo com o numero ${y}">
<status status="NOT RUN" starttime="20230329 10:23:21.595" endtime="20230329 10:23:21.595"/>
</kw>
<kw name="Entao o resultado obtido é ${RESULTADO}" library="EsquemaDeCenario" sourcename="Entao o resultado obtido é ${z}">
<status status="NOT RUN" starttime="20230329 10:23:21.595" endtime="20230329 10:23:21.595"/>
</kw>
<status status="FAIL" starttime="20230329 10:23:20.782" endtime="20230329 10:23:21.595"/>
</kw>
<kw name="Template Scenario Outline 01 - Devices">
<arg>OnePlus 9</arg>
<arg>8</arg>
<arg>8</arg>
<arg>16</arg>
<kw name="Dado que estou na pagina da calculadora no device ${DEVICE}" library="EsquemaDeCenario" sourcename="Dado que estou na pagina da calculadora no device ${d}">
<kw name="Set Test Variable" library="BuiltIn">
<arg>${DEVICE}</arg>
<arg>${d}</arg>
<doc>Makes a variable available everywhere within the scope of the current test.</doc>
<msg timestamp="20230329 10:23:21.598" level="INFO">${DEVICE} = OnePlus 9</msg>
<status status="PASS" starttime="20230329 10:23:21.598" endtime="20230329 10:23:21.598"/>
</kw>
<kw name="inicia app" library="MobileManager">
<arg>${DEVICE}</arg>
<kw name="Open Application" library="AppiumLibrary">
<arg>app=${APP_ID}</arg>
<arg>remote_url=${REMOTE_URL}</arg>
<arg>deviceName=${DEVICE}</arg>
<arg>name=Teste rOBOT</arg>
<arg>build=browserstack-robot-framework</arg>
<arg>platformName=${ANDROID_PLATFORM_NAME}</arg>
<arg>autoGrantPermissions=${True}</arg>
<doc>Opens a new application to given Appium server.
Capabilities of appium server, Android and iOS,
Please check https://github.com/appium/appium/blob/master/docs/en/writing-running-appium/server-args.md
| *Option*            | *Man.* | *Description*     |
| remote_url          | Yes    | Appium server url |
| alias               | no     | alias             |
| strict_ssl          | No     | allows you to send commands to an invalid certificate host like a self-signed one. |</doc>
<kw name="Capture Page Screenshot" library="AppiumLibrary">
<doc>Takes a screenshot of the current page and embeds it into the log.</doc>
<msg timestamp="20230329 10:23:22.573" level="FAIL">No application is open</msg>
<status status="FAIL" starttime="20230329 10:23:22.573" endtime="20230329 10:23:22.574"/>
</kw>
<msg timestamp="20230329 10:23:22.576" level="WARN">Keyword 'Capture Page Screenshot' could not be run on failure: No application is open</msg>
<msg timestamp="20230329 10:23:22.577" level="FAIL">WebDriverException: Message: App Automate testing time has expired. Contact BrowserStack Support at https://www.browserstack.com/contact for extending your Free Trial.
</msg>
<status status="FAIL" starttime="20230329 10:23:21.598" endtime="20230329 10:23:22.578"/>
</kw>
<kw name="IMPLICIT WAIT" library="implicit-wait">
<arg>15</arg>
<status status="NOT RUN" starttime="20230329 10:23:22.578" endtime="20230329 10:23:22.578"/>
</kw>
<status status="FAIL" starttime="20230329 10:23:21.598" endtime="20230329 10:23:22.578"/>
</kw>
<kw name="Wait Until Element Is Visible" library="AppiumLibrary">
<arg>${btnMult}</arg>
<doc>Waits until element specified with `locator` is visible.</doc>
<status status="NOT RUN" starttime="20230329 10:23:22.578" endtime="20230329 10:23:22.578"/>
</kw>
<status status="FAIL" starttime="20230329 10:23:21.598" endtime="20230329 10:23:22.578"/>
</kw>
<kw name="Quando digito o numero ${NUMERO_1}" library="EsquemaDeCenario" sourcename="Quando digito o numero ${x}">
<status status="NOT RUN" starttime="20230329 10:23:22.578" endtime="20230329 10:23:22.578"/>
</kw>
<kw name="E somo com o numero ${NUMERO_2}" library="EsquemaDeCenario" sourcename="E somo com o numero ${y}">
<status status="NOT RUN" starttime="20230329 10:23:22.578" endtime="20230329 10:23:22.578"/>
</kw>
<kw name="Entao o resultado obtido é ${RESULTADO}" library="EsquemaDeCenario" sourcename="Entao o resultado obtido é ${z}">
<status status="NOT RUN" starttime="20230329 10:23:22.578" endtime="20230329 10:23:22.578"/>
</kw>
<status status="FAIL" starttime="20230329 10:23:21.597" endtime="20230329 10:23:22.578"/>
</kw>
<kw name="Template Scenario Outline 01 - Devices">
<arg>Samsung Galaxy S22 Plus</arg>
<arg>9</arg>
<arg>9</arg>
<arg>18</arg>
<kw name="Dado que estou na pagina da calculadora no device ${DEVICE}" library="EsquemaDeCenario" sourcename="Dado que estou na pagina da calculadora no device ${d}">
<kw name="Set Test Variable" library="BuiltIn">
<arg>${DEVICE}</arg>
<arg>${d}</arg>
<doc>Makes a variable available everywhere within the scope of the current test.</doc>
<msg timestamp="20230329 10:23:22.579" level="INFO">${DEVICE} = Samsung Galaxy S22 Plus</msg>
<status status="PASS" starttime="20230329 10:23:22.579" endtime="20230329 10:23:22.579"/>
</kw>
<kw name="inicia app" library="MobileManager">
<arg>${DEVICE}</arg>
<kw name="Open Application" library="AppiumLibrary">
<arg>app=${APP_ID}</arg>
<arg>remote_url=${REMOTE_URL}</arg>
<arg>deviceName=${DEVICE}</arg>
<arg>name=Teste rOBOT</arg>
<arg>build=browserstack-robot-framework</arg>
<arg>platformName=${ANDROID_PLATFORM_NAME}</arg>
<arg>autoGrantPermissions=${True}</arg>
<doc>Opens a new application to given Appium server.
Capabilities of appium server, Android and iOS,
Please check https://github.com/appium/appium/blob/master/docs/en/writing-running-appium/server-args.md
| *Option*            | *Man.* | *Description*     |
| remote_url          | Yes    | Appium server url |
| alias               | no     | alias             |
| strict_ssl          | No     | allows you to send commands to an invalid certificate host like a self-signed one. |</doc>
<kw name="Capture Page Screenshot" library="AppiumLibrary">
<doc>Takes a screenshot of the current page and embeds it into the log.</doc>
<msg timestamp="20230329 10:23:23.472" level="FAIL">No application is open</msg>
<status status="FAIL" starttime="20230329 10:23:23.472" endtime="20230329 10:23:23.474"/>
</kw>
<msg timestamp="20230329 10:23:23.475" level="WARN">Keyword 'Capture Page Screenshot' could not be run on failure: No application is open</msg>
<msg timestamp="20230329 10:23:23.476" level="FAIL">WebDriverException: Message: App Automate testing time has expired. Contact BrowserStack Support at https://www.browserstack.com/contact for extending your Free Trial.
</msg>
<status status="FAIL" starttime="20230329 10:23:22.580" endtime="20230329 10:23:23.478"/>
</kw>
<kw name="IMPLICIT WAIT" library="implicit-wait">
<arg>15</arg>
<status status="NOT RUN" starttime="20230329 10:23:23.478" endtime="20230329 10:23:23.478"/>
</kw>
<status status="FAIL" starttime="20230329 10:23:22.580" endtime="20230329 10:23:23.478"/>
</kw>
<kw name="Wait Until Element Is Visible" library="AppiumLibrary">
<arg>${btnMult}</arg>
<doc>Waits until element specified with `locator` is visible.</doc>
<status status="NOT RUN" starttime="20230329 10:23:23.478" endtime="20230329 10:23:23.478"/>
</kw>
<status status="FAIL" starttime="20230329 10:23:22.579" endtime="20230329 10:23:23.478"/>
</kw>
<kw name="Quando digito o numero ${NUMERO_1}" library="EsquemaDeCenario" sourcename="Quando digito o numero ${x}">
<status status="NOT RUN" starttime="20230329 10:23:23.478" endtime="20230329 10:23:23.478"/>
</kw>
<kw name="E somo com o numero ${NUMERO_2}" library="EsquemaDeCenario" sourcename="E somo com o numero ${y}">
<status status="NOT RUN" starttime="20230329 10:23:23.478" endtime="20230329 10:23:23.478"/>
</kw>
<kw name="Entao o resultado obtido é ${RESULTADO}" library="EsquemaDeCenario" sourcename="Entao o resultado obtido é ${z}">
<status status="NOT RUN" starttime="20230329 10:23:23.478" endtime="20230329 10:23:23.478"/>
</kw>
<status status="FAIL" starttime="20230329 10:23:22.579" endtime="20230329 10:23:23.478"/>
</kw>
<kw name="Template Scenario Outline 01 - Devices">
<arg>Oppo A96</arg>
<arg>10</arg>
<arg>10</arg>
<arg>20</arg>
<kw name="Dado que estou na pagina da calculadora no device ${DEVICE}" library="EsquemaDeCenario" sourcename="Dado que estou na pagina da calculadora no device ${d}">
<kw name="Set Test Variable" library="BuiltIn">
<arg>${DEVICE}</arg>
<arg>${d}</arg>
<doc>Makes a variable available everywhere within the scope of the current test.</doc>
<msg timestamp="20230329 10:23:23.480" level="INFO">${DEVICE} = Oppo A96</msg>
<status status="PASS" starttime="20230329 10:23:23.479" endtime="20230329 10:23:23.480"/>
</kw>
<kw name="inicia app" library="MobileManager">
<arg>${DEVICE}</arg>
<kw name="Open Application" library="AppiumLibrary">
<arg>app=${APP_ID}</arg>
<arg>remote_url=${REMOTE_URL}</arg>
<arg>deviceName=${DEVICE}</arg>
<arg>name=Teste rOBOT</arg>
<arg>build=browserstack-robot-framework</arg>
<arg>platformName=${ANDROID_PLATFORM_NAME}</arg>
<arg>autoGrantPermissions=${True}</arg>
<doc>Opens a new application to given Appium server.
Capabilities of appium server, Android and iOS,
Please check https://github.com/appium/appium/blob/master/docs/en/writing-running-appium/server-args.md
| *Option*            | *Man.* | *Description*     |
| remote_url          | Yes    | Appium server url |
| alias               | no     | alias             |
| strict_ssl          | No     | allows you to send commands to an invalid certificate host like a self-signed one. |</doc>
<kw name="Capture Page Screenshot" library="AppiumLibrary">
<doc>Takes a screenshot of the current page and embeds it into the log.</doc>
<msg timestamp="20230329 10:23:24.401" level="FAIL">No application is open</msg>
<status status="FAIL" starttime="20230329 10:23:24.401" endtime="20230329 10:23:24.402"/>
</kw>
<msg timestamp="20230329 10:23:24.402" level="WARN">Keyword 'Capture Page Screenshot' could not be run on failure: No application is open</msg>
<msg timestamp="20230329 10:23:24.405" level="FAIL">WebDriverException: Message: App Automate testing time has expired. Contact BrowserStack Support at https://www.browserstack.com/contact for extending your Free Trial.
</msg>
<status status="FAIL" starttime="20230329 10:23:23.480" endtime="20230329 10:23:24.406"/>
</kw>
<kw name="IMPLICIT WAIT" library="implicit-wait">
<arg>15</arg>
<status status="NOT RUN" starttime="20230329 10:23:24.406" endtime="20230329 10:23:24.406"/>
</kw>
<status status="FAIL" starttime="20230329 10:23:23.480" endtime="20230329 10:23:24.406"/>
</kw>
<kw name="Wait Until Element Is Visible" library="AppiumLibrary">
<arg>${btnMult}</arg>
<doc>Waits until element specified with `locator` is visible.</doc>
<status status="NOT RUN" starttime="20230329 10:23:24.406" endtime="20230329 10:23:24.406"/>
</kw>
<status status="FAIL" starttime="20230329 10:23:23.479" endtime="20230329 10:23:24.407"/>
</kw>
<kw name="Quando digito o numero ${NUMERO_1}" library="EsquemaDeCenario" sourcename="Quando digito o numero ${x}">
<status status="NOT RUN" starttime="20230329 10:23:24.407" endtime="20230329 10:23:24.407"/>
</kw>
<kw name="E somo com o numero ${NUMERO_2}" library="EsquemaDeCenario" sourcename="E somo com o numero ${y}">
<status status="NOT RUN" starttime="20230329 10:23:24.407" endtime="20230329 10:23:24.407"/>
</kw>
<kw name="Entao o resultado obtido é ${RESULTADO}" library="EsquemaDeCenario" sourcename="Entao o resultado obtido é ${z}">
<status status="NOT RUN" starttime="20230329 10:23:24.407" endtime="20230329 10:23:24.407"/>
</kw>
<status status="FAIL" starttime="20230329 10:23:23.479" endtime="20230329 10:23:24.407"/>
</kw>
<kw name="Template Scenario Outline 01 - Devices">
<arg>Samsung Galaxy Note 10 Plus</arg>
<arg>11</arg>
<arg>11</arg>
<arg>22</arg>
<kw name="Dado que estou na pagina da calculadora no device ${DEVICE}" library="EsquemaDeCenario" sourcename="Dado que estou na pagina da calculadora no device ${d}">
<kw name="Set Test Variable" library="BuiltIn">
<arg>${DEVICE}</arg>
<arg>${d}</arg>
<doc>Makes a variable available everywhere within the scope of the current test.</doc>
<msg timestamp="20230329 10:23:24.408" level="INFO">${DEVICE} = Samsung Galaxy Note 10 Plus</msg>
<status status="PASS" starttime="20230329 10:23:24.408" endtime="20230329 10:23:24.408"/>
</kw>
<kw name="inicia app" library="MobileManager">
<arg>${DEVICE}</arg>
<kw name="Open Application" library="AppiumLibrary">
<arg>app=${APP_ID}</arg>
<arg>remote_url=${REMOTE_URL}</arg>
<arg>deviceName=${DEVICE}</arg>
<arg>name=Teste rOBOT</arg>
<arg>build=browserstack-robot-framework</arg>
<arg>platformName=${ANDROID_PLATFORM_NAME}</arg>
<arg>autoGrantPermissions=${True}</arg>
<doc>Opens a new application to given Appium server.
Capabilities of appium server, Android and iOS,
Please check https://github.com/appium/appium/blob/master/docs/en/writing-running-appium/server-args.md
| *Option*            | *Man.* | *Description*     |
| remote_url          | Yes    | Appium server url |
| alias               | no     | alias             |
| strict_ssl          | No     | allows you to send commands to an invalid certificate host like a self-signed one. |</doc>
<kw name="Capture Page Screenshot" library="AppiumLibrary">
<doc>Takes a screenshot of the current page and embeds it into the log.</doc>
<msg timestamp="20230329 10:23:25.253" level="FAIL">No application is open</msg>
<status status="FAIL" starttime="20230329 10:23:25.252" endtime="20230329 10:23:25.254"/>
</kw>
<msg timestamp="20230329 10:23:25.265" level="WARN">Keyword 'Capture Page Screenshot' could not be run on failure: No application is open</msg>
<msg timestamp="20230329 10:23:25.268" level="FAIL">WebDriverException: Message: App Automate testing time has expired. Contact BrowserStack Support at https://www.browserstack.com/contact for extending your Free Trial.
</msg>
<status status="FAIL" starttime="20230329 10:23:24.408" endtime="20230329 10:23:25.271"/>
</kw>
<kw name="IMPLICIT WAIT" library="implicit-wait">
<arg>15</arg>
<status status="NOT RUN" starttime="20230329 10:23:25.272" endtime="20230329 10:23:25.272"/>
</kw>
<status status="FAIL" starttime="20230329 10:23:24.408" endtime="20230329 10:23:25.272"/>
</kw>
<kw name="Wait Until Element Is Visible" library="AppiumLibrary">
<arg>${btnMult}</arg>
<doc>Waits until element specified with `locator` is visible.</doc>
<status status="NOT RUN" starttime="20230329 10:23:25.272" endtime="20230329 10:23:25.272"/>
</kw>
<status status="FAIL" starttime="20230329 10:23:24.407" endtime="20230329 10:23:25.273"/>
</kw>
<kw name="Quando digito o numero ${NUMERO_1}" library="EsquemaDeCenario" sourcename="Quando digito o numero ${x}">
<status status="NOT RUN" starttime="20230329 10:23:25.273" endtime="20230329 10:23:25.273"/>
</kw>
<kw name="E somo com o numero ${NUMERO_2}" library="EsquemaDeCenario" sourcename="E somo com o numero ${y}">
<status status="NOT RUN" starttime="20230329 10:23:25.273" endtime="20230329 10:23:25.273"/>
</kw>
<kw name="Entao o resultado obtido é ${RESULTADO}" library="EsquemaDeCenario" sourcename="Entao o resultado obtido é ${z}">
<status status="NOT RUN" starttime="20230329 10:23:25.273" endtime="20230329 10:23:25.273"/>
</kw>
<status status="FAIL" starttime="20230329 10:23:24.407" endtime="20230329 10:23:25.273"/>
</kw>
<kw name="Template Scenario Outline 01 - Devices">
<arg>OnePlus 7T</arg>
<arg>12</arg>
<arg>12</arg>
<arg>24</arg>
<kw name="Dado que estou na pagina da calculadora no device ${DEVICE}" library="EsquemaDeCenario" sourcename="Dado que estou na pagina da calculadora no device ${d}">
<kw name="Set Test Variable" library="BuiltIn">
<arg>${DEVICE}</arg>
<arg>${d}</arg>
<doc>Makes a variable available everywhere within the scope of the current test.</doc>
<msg timestamp="20230329 10:23:25.275" level="INFO">${DEVICE} = OnePlus 7T</msg>
<status status="PASS" starttime="20230329 10:23:25.275" endtime="20230329 10:23:25.275"/>
</kw>
<kw name="inicia app" library="MobileManager">
<arg>${DEVICE}</arg>
<kw name="Open Application" library="AppiumLibrary">
<arg>app=${APP_ID}</arg>
<arg>remote_url=${REMOTE_URL}</arg>
<arg>deviceName=${DEVICE}</arg>
<arg>name=Teste rOBOT</arg>
<arg>build=browserstack-robot-framework</arg>
<arg>platformName=${ANDROID_PLATFORM_NAME}</arg>
<arg>autoGrantPermissions=${True}</arg>
<doc>Opens a new application to given Appium server.
Capabilities of appium server, Android and iOS,
Please check https://github.com/appium/appium/blob/master/docs/en/writing-running-appium/server-args.md
| *Option*            | *Man.* | *Description*     |
| remote_url          | Yes    | Appium server url |
| alias               | no     | alias             |
| strict_ssl          | No     | allows you to send commands to an invalid certificate host like a self-signed one. |</doc>
<kw name="Capture Page Screenshot" library="AppiumLibrary">
<doc>Takes a screenshot of the current page and embeds it into the log.</doc>
<msg timestamp="20230329 10:23:26.117" level="FAIL">No application is open</msg>
<status status="FAIL" starttime="20230329 10:23:26.116" endtime="20230329 10:23:26.125"/>
</kw>
<msg timestamp="20230329 10:23:26.125" level="WARN">Keyword 'Capture Page Screenshot' could not be run on failure: No application is open</msg>
<msg timestamp="20230329 10:23:26.130" level="FAIL">WebDriverException: Message: App Automate testing time has expired. Contact BrowserStack Support at https://www.browserstack.com/contact for extending your Free Trial.
</msg>
<status status="FAIL" starttime="20230329 10:23:25.275" endtime="20230329 10:23:26.133"/>
</kw>
<kw name="IMPLICIT WAIT" library="implicit-wait">
<arg>15</arg>
<status status="NOT RUN" starttime="20230329 10:23:26.133" endtime="20230329 10:23:26.133"/>
</kw>
<status status="FAIL" starttime="20230329 10:23:25.275" endtime="20230329 10:23:26.133"/>
</kw>
<kw name="Wait Until Element Is Visible" library="AppiumLibrary">
<arg>${btnMult}</arg>
<doc>Waits until element specified with `locator` is visible.</doc>
<status status="NOT RUN" starttime="20230329 10:23:26.133" endtime="20230329 10:23:26.133"/>
</kw>
<status status="FAIL" starttime="20230329 10:23:25.274" endtime="20230329 10:23:26.133"/>
</kw>
<kw name="Quando digito o numero ${NUMERO_1}" library="EsquemaDeCenario" sourcename="Quando digito o numero ${x}">
<status status="NOT RUN" starttime="20230329 10:23:26.133" endtime="20230329 10:23:26.133"/>
</kw>
<kw name="E somo com o numero ${NUMERO_2}" library="EsquemaDeCenario" sourcename="E somo com o numero ${y}">
<status status="NOT RUN" starttime="20230329 10:23:26.133" endtime="20230329 10:23:26.133"/>
</kw>
<kw name="Entao o resultado obtido é ${RESULTADO}" library="EsquemaDeCenario" sourcename="Entao o resultado obtido é ${z}">
<status status="NOT RUN" starttime="20230329 10:23:26.133" endtime="20230329 10:23:26.136"/>
</kw>
<status status="FAIL" starttime="20230329 10:23:25.274" endtime="20230329 10:23:26.136"/>
</kw>
<kw name="fecha app" library="MobileManager" type="TEARDOWN">
<kw name="Quit Application" library="AppiumLibrary">
<doc>*DEPRECATED!!* in selenium v4, check `Close Application` keyword.</doc>
<msg timestamp="20230329 10:23:26.138" level="WARN">Keyword 'AppiumLibrary.Quit Application' is deprecated. in selenium v4, check `Close Application` keyword.</msg>
<kw name="Capture Page Screenshot" library="AppiumLibrary">
<doc>Takes a screenshot of the current page and embeds it into the log.</doc>
<msg timestamp="20230329 10:23:26.140" level="FAIL">No application is open</msg>
<status status="FAIL" starttime="20230329 10:23:26.140" endtime="20230329 10:23:26.142"/>
</kw>
<msg timestamp="20230329 10:23:26.142" level="WARN">Keyword 'Capture Page Screenshot' could not be run on failure: No application is open</msg>
<msg timestamp="20230329 10:23:26.147" level="FAIL">No application is open</msg>
<status status="FAIL" starttime="20230329 10:23:26.138" endtime="20230329 10:23:26.148"/>
</kw>
<kw name="Close Application" library="AppiumLibrary">
<doc>Closes the current application and also close webdriver session.</doc>
<kw name="Capture Page Screenshot" library="AppiumLibrary">
<doc>Takes a screenshot of the current page and embeds it into the log.</doc>
<msg timestamp="20230329 10:23:26.148" level="FAIL">No application is open</msg>
<status status="FAIL" starttime="20230329 10:23:26.148" endtime="20230329 10:23:26.151"/>
</kw>
<msg timestamp="20230329 10:23:26.153" level="WARN">Keyword 'Capture Page Screenshot' could not be run on failure: No application is open</msg>
<msg timestamp="20230329 10:23:26.155" level="FAIL">No application is open</msg>
<status status="FAIL" starttime="20230329 10:23:26.148" endtime="20230329 10:23:26.159"/>
</kw>
<status status="FAIL" starttime="20230329 10:23:26.137" endtime="20230329 10:23:26.159">Several failures occurred:

1) No application is open

2) No application is open</status>
</kw>
<status status="FAIL" starttime="20230329 10:23:18.617" endtime="20230329 10:23:26.160">Several failures occurred:

1) WebDriverException: Message: App Automate testing time has expired. Contact BrowserStack Support at https://www.browserstack.com/contact for extending your Free Trial.


2) WebDriverException: Message: App Automate testing time has expired. Contact BrowserStack Support at https://www.browserstack.com/contact for extending your Free Trial.


3) WebDriverException: Message: App Automate testing time has expired. Contact BrowserStack Support at https://www.browserstack.com/contact for extending your Free Trial.


4) WebDriverException: Message: App Automate testing time has expired. Contact BrowserStack Support at https://www.browserstack.com/contact for extending your Free Trial.


5) WebDriverException: Message: App Automate testing time has expired. Contact BrowserStack Support at https://www.browserstack.com/contact for extending your Free Trial.


6) WebDriverException: Message: App Automate testing time has expired. Contact BrowserStack Support at https://www.browserstack.com/contact for extending your Free Trial.


7) WebDriverException: Message: App Automate testing time has expired. Contact BrowserStack Support at https://www.browserstack.com/contact for extending your Free Trial.


8) WebDriverException: Message: App Automate testing time has expired. Contact BrowserStack Support at https://www.browserstack.com/contact for extending your Free Trial.


Also teardown failed:
Several failures occurred:

1) No application is open

2) No application is open</status>
</test>
<status status="FAIL" starttime="20230329 10:23:18.183" endtime="20230329 10:23:26.164"/>
</suite>
<statistics>
<total>
<stat pass="0" fail="1" skip="0">All Tests</stat>
</total>
<tag>
</tag>
<suite>
<stat pass="0" fail="1" skip="0" id="s1" name="EsquemaDeCenarioFeature">EsquemaDeCenarioFeature</stat>
</suite>
</statistics>
<errors>
<msg timestamp="20230329 10:23:19.865" level="WARN">Keyword 'Capture Page Screenshot' could not be run on failure: No application is open</msg>
<msg timestamp="20230329 10:23:20.766" level="WARN">Keyword 'Capture Page Screenshot' could not be run on failure: No application is open</msg>
<msg timestamp="20230329 10:23:21.585" level="WARN">Keyword 'Capture Page Screenshot' could not be run on failure: No application is open</msg>
<msg timestamp="20230329 10:23:22.576" level="WARN">Keyword 'Capture Page Screenshot' could not be run on failure: No application is open</msg>
<msg timestamp="20230329 10:23:23.475" level="WARN">Keyword 'Capture Page Screenshot' could not be run on failure: No application is open</msg>
<msg timestamp="20230329 10:23:24.402" level="WARN">Keyword 'Capture Page Screenshot' could not be run on failure: No application is open</msg>
<msg timestamp="20230329 10:23:25.265" level="WARN">Keyword 'Capture Page Screenshot' could not be run on failure: No application is open</msg>
<msg timestamp="20230329 10:23:26.125" level="WARN">Keyword 'Capture Page Screenshot' could not be run on failure: No application is open</msg>
<msg timestamp="20230329 10:23:26.138" level="WARN">Keyword 'AppiumLibrary.Quit Application' is deprecated. in selenium v4, check `Close Application` keyword.</msg>
<msg timestamp="20230329 10:23:26.142" level="WARN">Keyword 'Capture Page Screenshot' could not be run on failure: No application is open</msg>
<msg timestamp="20230329 10:23:26.153" level="WARN">Keyword 'Capture Page Screenshot' could not be run on failure: No application is open</msg>
</errors>
</robot>
