<?xml version="1.0" encoding="UTF-8"?>
<robot generator="Robot 6.0.2 (Python 3.11.2 on win32)" generated="20230324 10:24:21.169" rpa="false" schemaversion="3">
<suite id="s1" name="Somar" source="C:\Projetos\BrowserStack-Robot\features\Somar.robot">
<test id="s1-t1" name="Cenário 01: Somar dois numeros corretamente" line="9">
<kw name="Dado que estou na pagina da calculadora" library="BDDpt-br" sourcename="Dado ${keyword}">
<kw name="Run Keyword" library="BuiltIn">
<arg>${keyword}</arg>
<doc>Executes the given keyword with the given arguments.</doc>
<kw name="que estou na pagina da calculadora" library="SomarSteps">
<kw name="Set Appium Timeout" library="AppiumLibrary">
<arg>15s</arg>
<doc>Sets the timeout in seconds used by various keywords.</doc>
<status status="PASS" starttime="20230324 10:24:22.158" endtime="20230324 10:24:22.158"/>
</kw>
<kw name="Open app" library="MobileManager">
<if>
<branch type="IF" condition="$LOCAL == ${False}">
<kw name="Open Application" library="AppiumLibrary">
<arg>app=${APP_ID}</arg>
<arg>remote_url=${REMOTE_URL}</arg>
<arg>deviceName=OnePlus 9</arg>
<arg>name=Teste pelo Robot Iphone</arg>
<arg>build=browserstack-robot-framework</arg>
<arg>platformName=${ANDROID_PLATFORM_NAME}</arg>
<arg>autoGrantPermissions=${True}</arg>
<doc>Opens a new application to given Appium server.
Capabilities of appium server, Android and iOS,
Please check https://github.com/appium/appium/blob/master/docs/en/writing-running-appium/server-args.md
| *Option*            | *Man.* | *Description*     |
| remote_url          | Yes    | Appium server url |
| alias               | no     | alias             |
| strict_ssl          | No     | allows you to send commands to an invalid certificate host like a self-signed one. |</doc>
<status status="PASS" starttime="20230324 10:24:22.162" endtime="20230324 10:24:39.133"/>
</kw>
<kw name="IMPLICIT WAIT" library="implicit-wait">
<arg>15</arg>
<status status="PASS" starttime="20230324 10:24:39.133" endtime="20230324 10:24:39.318"/>
</kw>
<status status="PASS" starttime="20230324 10:24:22.159" endtime="20230324 10:24:39.318"/>
</branch>
<branch type="ELSE IF" condition="$LOCAL == ${True}">
<kw name="Open Application" library="AppiumLibrary">
<arg>app=${ANDROID_APP}</arg>
<arg>remote_url=${LOCAL_URL}</arg>
<arg>deviceName=Pixel 6</arg>
<arg>platformName=${ANDROID_PLATFORM_NAME}</arg>
<arg>automationName=${ANDROID_AUTOMATION_NAME}</arg>
<arg>autoGrantPermissions=${True}</arg>
<doc>Opens a new application to given Appium server.
Capabilities of appium server, Android and iOS,
Please check https://github.com/appium/appium/blob/master/docs/en/writing-running-appium/server-args.md
| *Option*            | *Man.* | *Description*     |
| remote_url          | Yes    | Appium server url |
| alias               | no     | alias             |
| strict_ssl          | No     | allows you to send commands to an invalid certificate host like a self-signed one. |</doc>
<status status="NOT RUN" starttime="20230324 10:24:39.319" endtime="20230324 10:24:39.319"/>
</kw>
<kw name="IMPLICIT WAIT" library="implicit-wait">
<arg>15</arg>
<status status="NOT RUN" starttime="20230324 10:24:39.319" endtime="20230324 10:24:39.319"/>
</kw>
<status status="NOT RUN" starttime="20230324 10:24:39.319" endtime="20230324 10:24:39.319"/>
</branch>
<status status="PASS" starttime="20230324 10:24:22.159" endtime="20230324 10:24:39.319"/>
</if>
<status status="PASS" starttime="20230324 10:24:22.158" endtime="20230324 10:24:39.319"/>
</kw>
<kw name="Wait Until Page Contains Element" library="AppiumLibrary">
<arg>${btnMult}</arg>
<doc>Waits until element specified with `locator` appears on current page.</doc>
<msg timestamp="20230324 10:24:39.612" level="INFO">criteria is android_button_mult</msg>
<status status="PASS" starttime="20230324 10:24:39.319" endtime="20230324 10:24:39.612"/>
</kw>
<kw name="Wait Until Element Is Visible" library="AppiumLibrary">
<arg>${btnMult}</arg>
<doc>Waits until element specified with `locator` is visible.</doc>
<msg timestamp="20230324 10:24:39.963" level="INFO">criteria is android_button_mult</msg>
<status status="PASS" starttime="20230324 10:24:39.612" endtime="20230324 10:24:39.963"/>
</kw>
<status status="PASS" starttime="20230324 10:24:22.157" endtime="20230324 10:24:39.964"/>
</kw>
<status status="PASS" starttime="20230324 10:24:22.154" endtime="20230324 10:24:39.964"/>
</kw>
<status status="PASS" starttime="20230324 10:24:22.152" endtime="20230324 10:24:39.964"/>
</kw>
<kw name="Quando digito o numero 5 no primeiro campo" library="BDDpt-br" sourcename="Quando ${keyword}">
<kw name="Run Keyword" library="BuiltIn">
<arg>${keyword}</arg>
<doc>Executes the given keyword with the given arguments.</doc>
<kw name="digito o numero 5 no primeiro campo" library="SomarSteps">
<kw name="Click Element" library="AppiumLibrary">
<arg>${cmpFirstNumber}</arg>
<doc>Click element identified by `locator`.</doc>
<msg timestamp="20230324 10:24:39.973" level="INFO">Clicking element 'xpath=//android.widget.EditText[@text='FIRST NUMBER']'.</msg>
<msg timestamp="20230324 10:24:40.376" level="INFO">xpath criteria: //android.widget.EditText[@text='FIRST NUMBER']</msg>
<status status="PASS" starttime="20230324 10:24:39.970" endtime="20230324 10:24:40.376"/>
</kw>
<kw name="Input Text" library="AppiumLibrary">
<arg>${cmpFirstNumber}</arg>
<arg>5</arg>
<doc>Types the given `text` into text field identified by `locator`.</doc>
<msg timestamp="20230324 10:24:40.378" level="INFO">Typing text '5' into text field 'xpath=//android.widget.EditText[@text='FIRST NUMBER']'</msg>
<msg timestamp="20230324 10:24:42.071" level="INFO">xpath criteria: //android.widget.EditText[@text='FIRST NUMBER']</msg>
<status status="PASS" starttime="20230324 10:24:40.376" endtime="20230324 10:24:42.071"/>
</kw>
<kw name="Hide Keyboard" library="AppiumLibrary">
<doc>Hides the software keyboard on the device. (optional) In iOS, use `key_name` to press
a particular key, ex. `Done`. In Android, no parameters are used.</doc>
<status status="PASS" starttime="20230324 10:24:42.071" endtime="20230324 10:24:45.171"/>
</kw>
<status status="PASS" starttime="20230324 10:24:39.970" endtime="20230324 10:24:45.171"/>
</kw>
<status status="PASS" starttime="20230324 10:24:39.966" endtime="20230324 10:24:45.171"/>
</kw>
<status status="PASS" starttime="20230324 10:24:39.965" endtime="20230324 10:24:45.171"/>
</kw>
<kw name="E digito o numero 5 no segundo campo" library="BDDpt-br" sourcename="E ${keyword}">
<kw name="Run Keyword" library="BuiltIn">
<arg>${keyword}</arg>
<doc>Executes the given keyword with the given arguments.</doc>
<kw name="digito o numero 5 no segundo campo" library="SomarSteps">
<kw name="Click Element" library="AppiumLibrary">
<arg>${cmpSecondNumber}</arg>
<doc>Click element identified by `locator`.</doc>
<msg timestamp="20230324 10:24:45.176" level="INFO">Clicking element 'id=android_field_second_number'.</msg>
<msg timestamp="20230324 10:24:46.374" level="INFO">criteria is android_field_second_number</msg>
<status status="PASS" starttime="20230324 10:24:45.175" endtime="20230324 10:24:46.374"/>
</kw>
<kw name="Input Text" library="AppiumLibrary">
<arg>${cmpSecondNumber}</arg>
<arg>5</arg>
<doc>Types the given `text` into text field identified by `locator`.</doc>
<msg timestamp="20230324 10:24:46.375" level="INFO">Typing text '5' into text field 'id=android_field_second_number'</msg>
<msg timestamp="20230324 10:24:46.796" level="INFO">criteria is android_field_second_number</msg>
<status status="PASS" starttime="20230324 10:24:46.374" endtime="20230324 10:24:46.796"/>
</kw>
<kw name="Hide Keyboard" library="AppiumLibrary">
<doc>Hides the software keyboard on the device. (optional) In iOS, use `key_name` to press
a particular key, ex. `Done`. In Android, no parameters are used.</doc>
<status status="PASS" starttime="20230324 10:24:46.796" endtime="20230324 10:24:49.980"/>
</kw>
<status status="PASS" starttime="20230324 10:24:45.175" endtime="20230324 10:24:49.980"/>
</kw>
<status status="PASS" starttime="20230324 10:24:45.172" endtime="20230324 10:24:49.980"/>
</kw>
<status status="PASS" starttime="20230324 10:24:45.172" endtime="20230324 10:24:49.981"/>
</kw>
<kw name="E clico no simbolo de soma" library="BDDpt-br" sourcename="E ${keyword}">
<kw name="Run Keyword" library="BuiltIn">
<arg>${keyword}</arg>
<doc>Executes the given keyword with the given arguments.</doc>
<kw name="clico no simbolo de soma" library="SomarSteps">
<kw name="Click Element" library="AppiumLibrary">
<arg>${btnSum}</arg>
<doc>Click element identified by `locator`.</doc>
<msg timestamp="20230324 10:24:49.987" level="INFO">Clicking element 'id=android_button_sum'.</msg>
<msg timestamp="20230324 10:24:50.897" level="INFO">criteria is android_button_sum</msg>
<status status="PASS" starttime="20230324 10:24:49.985" endtime="20230324 10:24:50.897"/>
</kw>
<status status="PASS" starttime="20230324 10:24:49.985" endtime="20230324 10:24:50.897"/>
</kw>
<status status="PASS" starttime="20230324 10:24:49.982" endtime="20230324 10:24:50.897"/>
</kw>
<status status="PASS" starttime="20230324 10:24:49.981" endtime="20230324 10:24:50.897"/>
</kw>
<kw name="Entao me e retornado o resultado 10" library="BDDpt-br" sourcename="Entao ${keyword}">
<kw name="Run Keyword" library="BuiltIn">
<arg>${keyword}</arg>
<doc>Executes the given keyword with the given arguments.</doc>
<kw name="me e retornado o resultado 10" library="SomarSteps">
<kw name="Element Should Contain Text" library="AppiumLibrary">
<arg>${txtResult}</arg>
<arg>10</arg>
<doc>Verifies element identified by ``locator`` contains text ``expected``.</doc>
<msg timestamp="20230324 10:24:50.903" level="INFO">Verifying element 'id=android_result_text' contains text '10'.</msg>
<msg timestamp="20230324 10:24:52.018" level="INFO">criteria is android_result_text</msg>
<status status="PASS" starttime="20230324 10:24:50.901" endtime="20230324 10:24:52.018"/>
</kw>
<status status="PASS" starttime="20230324 10:24:50.901" endtime="20230324 10:24:52.018"/>
</kw>
<status status="PASS" starttime="20230324 10:24:50.898" endtime="20230324 10:24:52.018"/>
</kw>
<status status="PASS" starttime="20230324 10:24:50.898" endtime="20230324 10:24:52.018"/>
</kw>
<kw name="Close app" library="KeywordsFile" type="TEARDOWN">
<kw name="Close Application" library="AppiumLibrary">
<doc>Closes the current application and also close webdriver session.</doc>
<status status="PASS" starttime="20230324 10:24:52.019" endtime="20230324 10:24:52.786"/>
</kw>
<status status="PASS" starttime="20230324 10:24:52.019" endtime="20230324 10:24:52.786"/>
</kw>
<tag>ct-001</tag>
<status status="PASS" starttime="20230324 10:24:22.150" endtime="20230324 10:24:52.787"/>
</test>
<status status="PASS" starttime="20230324 10:24:21.177" endtime="20230324 10:24:52.788"/>
</suite>
<statistics>
<total>
<stat pass="1" fail="0" skip="0">All Tests</stat>
</total>
<tag>
<stat pass="1" fail="0" skip="0">ct-001</stat>
</tag>
<suite>
<stat pass="1" fail="0" skip="0" id="s1" name="Somar">Somar</stat>
</suite>
</statistics>
<errors>
</errors>
</robot>
