<?xml version="1.0" encoding="UTF-8"?>
<robot generator="Robot 6.0.2 (Python 3.10.3 on win32)" generated="20230423 15:58:22.090" rpa="false" schemaversion="3">
<suite id="s1" name="Multiplicar" source="C:\Users\clau\Downloads\BrowserstackRobot\features\Multiplicar.robot">
<test id="s1-t1" name="Scenario Outline 02 - Realizar multiplicação de dois números" line="17">
<kw name="Template Scenario Outline 02 - Multiplicação">
<arg>Samsung Galaxy S23 Ultra</arg>
<arg>5</arg>
<arg>5</arg>
<arg>25</arg>
<kw name="Dado que estou na pagina da calculadora no device ${DEVICE}" library="EsquemaDeCenarioSteps" sourcename="Dado que estou na pagina da calculadora no device ${d}">
<kw name="Set Test Variable" library="BuiltIn">
<arg>${DEVICE}</arg>
<arg>${d}</arg>
<doc>Makes a variable available everywhere within the scope of the current test.</doc>
<msg timestamp="20230423 15:58:22.768" level="INFO">${DEVICE} = Samsung Galaxy S23 Ultra</msg>
<status status="PASS" starttime="20230423 15:58:22.766" endtime="20230423 15:58:22.768"/>
</kw>
<kw name="inicia app" library="MobileManager">
<arg>${DEVICE}</arg>
<kw name="Open Application" library="AppiumLibrary">
<arg>app=${APP_ID}</arg>
<arg>remote_url=${REMOTE_URL}</arg>
<arg>deviceName=${DEVICE}</arg>
<arg>name=Teste Robot</arg>
<arg>build=browserstack-robot-framework</arg>
<arg>platformName=${ANDROID_PLATFORM_NAME}</arg>
<arg>autoGrantPermissions=${True}</arg>
<doc>Opens a new application to given Appium server.
Capabilities of appium server, Android and iOS,
Please check https://github.com/appium/appium/blob/master/docs/en/writing-running-appium/server-args.md
| *Option*            | *Man.* | *Description*     |
| remote_url          | Yes    | Appium server url |
| alias               | no     | alias             |
| strict_ssl          | No     | allows you to send commands to an invalid certificate host like a self-signed one. |</doc>
<kw name="Capture Page Screenshot" library="AppiumLibrary">
<doc>Takes a screenshot of the current page and embeds it into the log.</doc>
<msg timestamp="20230423 15:58:23.786" level="FAIL">No application is open</msg>
<status status="FAIL" starttime="20230423 15:58:23.786" endtime="20230423 15:58:23.790"/>
</kw>
<msg timestamp="20230423 15:58:23.792" level="WARN">Keyword 'Capture Page Screenshot' could not be run on failure: No application is open</msg>
<msg timestamp="20230423 15:58:23.794" level="FAIL">WebDriverException: Message: App Automate testing time has expired. Contact BrowserStack Support at https://www.browserstack.com/contact for extending your Free Trial.
</msg>
<status status="FAIL" starttime="20230423 15:58:22.769" endtime="20230423 15:58:23.795"/>
</kw>
<kw name="IMPLICIT WAIT" library="implicit-wait">
<arg>15</arg>
<status status="NOT RUN" starttime="20230423 15:58:23.795" endtime="20230423 15:58:23.795"/>
</kw>
<status status="FAIL" starttime="20230423 15:58:22.768" endtime="20230423 15:58:23.795"/>
</kw>
<kw name="Wait Until Element Is Visible" library="AppiumLibrary">
<arg>${btnMult}</arg>
<doc>Waits until element specified with `locator` is visible.</doc>
<status status="NOT RUN" starttime="20230423 15:58:23.795" endtime="20230423 15:58:23.796"/>
</kw>
<status status="FAIL" starttime="20230423 15:58:22.765" endtime="20230423 15:58:23.796"/>
</kw>
<kw name="Quando digito o numero ${NUMERO_1}" library="EsquemaDeCenarioSteps" sourcename="Quando digito o numero ${x}">
<status status="NOT RUN" starttime="20230423 15:58:23.796" endtime="20230423 15:58:23.796"/>
</kw>
<kw name="E multiplico com o numero ${NUMERO_2}" library="EsquemaDeCenarioSteps" sourcename="E multiplico com o numero ${m}">
<status status="NOT RUN" starttime="20230423 15:58:23.796" endtime="20230423 15:58:23.796"/>
</kw>
<kw name="Entao o resultado obtido da multiplicação é ${RESULTADO}" library="EsquemaDeCenarioSteps" sourcename="Entao o resultado obtido da multiplicação é ${z}">
<status status="NOT RUN" starttime="20230423 15:58:23.797" endtime="20230423 15:58:23.797"/>
</kw>
<status status="FAIL" starttime="20230423 15:58:22.764" endtime="20230423 15:58:23.797"/>
</kw>
<kw name="Template Scenario Outline 02 - Multiplicação">
<arg>Google Pixel 6</arg>
<arg>6</arg>
<arg>6</arg>
<arg>36</arg>
<kw name="Dado que estou na pagina da calculadora no device ${DEVICE}" library="EsquemaDeCenarioSteps" sourcename="Dado que estou na pagina da calculadora no device ${d}">
<kw name="Set Test Variable" library="BuiltIn">
<arg>${DEVICE}</arg>
<arg>${d}</arg>
<doc>Makes a variable available everywhere within the scope of the current test.</doc>
<msg timestamp="20230423 15:58:23.800" level="INFO">${DEVICE} = Google Pixel 6</msg>
<status status="PASS" starttime="20230423 15:58:23.799" endtime="20230423 15:58:23.800"/>
</kw>
<kw name="inicia app" library="MobileManager">
<arg>${DEVICE}</arg>
<kw name="Open Application" library="AppiumLibrary">
<arg>app=${APP_ID}</arg>
<arg>remote_url=${REMOTE_URL}</arg>
<arg>deviceName=${DEVICE}</arg>
<arg>name=Teste Robot</arg>
<arg>build=browserstack-robot-framework</arg>
<arg>platformName=${ANDROID_PLATFORM_NAME}</arg>
<arg>autoGrantPermissions=${True}</arg>
<doc>Opens a new application to given Appium server.
Capabilities of appium server, Android and iOS,
Please check https://github.com/appium/appium/blob/master/docs/en/writing-running-appium/server-args.md
| *Option*            | *Man.* | *Description*     |
| remote_url          | Yes    | Appium server url |
| alias               | no     | alias             |
| strict_ssl          | No     | allows you to send commands to an invalid certificate host like a self-signed one. |</doc>
<kw name="Capture Page Screenshot" library="AppiumLibrary">
<doc>Takes a screenshot of the current page and embeds it into the log.</doc>
<msg timestamp="20230423 15:58:24.614" level="FAIL">No application is open</msg>
<status status="FAIL" starttime="20230423 15:58:24.614" endtime="20230423 15:58:24.616"/>
</kw>
<msg timestamp="20230423 15:58:24.618" level="WARN">Keyword 'Capture Page Screenshot' could not be run on failure: No application is open</msg>
<msg timestamp="20230423 15:58:24.619" level="FAIL">WebDriverException: Message: App Automate testing time has expired. Contact BrowserStack Support at https://www.browserstack.com/contact for extending your Free Trial.
</msg>
<status status="FAIL" starttime="20230423 15:58:23.801" endtime="20230423 15:58:24.620"/>
</kw>
<kw name="IMPLICIT WAIT" library="implicit-wait">
<arg>15</arg>
<status status="NOT RUN" starttime="20230423 15:58:24.620" endtime="20230423 15:58:24.620"/>
</kw>
<status status="FAIL" starttime="20230423 15:58:23.800" endtime="20230423 15:58:24.621"/>
</kw>
<kw name="Wait Until Element Is Visible" library="AppiumLibrary">
<arg>${btnMult}</arg>
<doc>Waits until element specified with `locator` is visible.</doc>
<status status="NOT RUN" starttime="20230423 15:58:24.621" endtime="20230423 15:58:24.621"/>
</kw>
<status status="FAIL" starttime="20230423 15:58:23.798" endtime="20230423 15:58:24.621"/>
</kw>
<kw name="Quando digito o numero ${NUMERO_1}" library="EsquemaDeCenarioSteps" sourcename="Quando digito o numero ${x}">
<status status="NOT RUN" starttime="20230423 15:58:24.621" endtime="20230423 15:58:24.621"/>
</kw>
<kw name="E multiplico com o numero ${NUMERO_2}" library="EsquemaDeCenarioSteps" sourcename="E multiplico com o numero ${m}">
<status status="NOT RUN" starttime="20230423 15:58:24.621" endtime="20230423 15:58:24.622"/>
</kw>
<kw name="Entao o resultado obtido da multiplicação é ${RESULTADO}" library="EsquemaDeCenarioSteps" sourcename="Entao o resultado obtido da multiplicação é ${z}">
<status status="NOT RUN" starttime="20230423 15:58:24.622" endtime="20230423 15:58:24.622"/>
</kw>
<status status="FAIL" starttime="20230423 15:58:23.797" endtime="20230423 15:58:24.622"/>
</kw>
<kw name="Template Scenario Outline 02 - Multiplicação">
<arg>Xiaomi Redmi Note 11</arg>
<arg>7</arg>
<arg>7</arg>
<arg>49</arg>
<kw name="Dado que estou na pagina da calculadora no device ${DEVICE}" library="EsquemaDeCenarioSteps" sourcename="Dado que estou na pagina da calculadora no device ${d}">
<kw name="Set Test Variable" library="BuiltIn">
<arg>${DEVICE}</arg>
<arg>${d}</arg>
<doc>Makes a variable available everywhere within the scope of the current test.</doc>
<msg timestamp="20230423 15:58:24.625" level="INFO">${DEVICE} = Xiaomi Redmi Note 11</msg>
<status status="PASS" starttime="20230423 15:58:24.624" endtime="20230423 15:58:24.625"/>
</kw>
<kw name="inicia app" library="MobileManager">
<arg>${DEVICE}</arg>
<kw name="Open Application" library="AppiumLibrary">
<arg>app=${APP_ID}</arg>
<arg>remote_url=${REMOTE_URL}</arg>
<arg>deviceName=${DEVICE}</arg>
<arg>name=Teste Robot</arg>
<arg>build=browserstack-robot-framework</arg>
<arg>platformName=${ANDROID_PLATFORM_NAME}</arg>
<arg>autoGrantPermissions=${True}</arg>
<doc>Opens a new application to given Appium server.
Capabilities of appium server, Android and iOS,
Please check https://github.com/appium/appium/blob/master/docs/en/writing-running-appium/server-args.md
| *Option*            | *Man.* | *Description*     |
| remote_url          | Yes    | Appium server url |
| alias               | no     | alias             |
| strict_ssl          | No     | allows you to send commands to an invalid certificate host like a self-signed one. |</doc>
<kw name="Capture Page Screenshot" library="AppiumLibrary">
<doc>Takes a screenshot of the current page and embeds it into the log.</doc>
<msg timestamp="20230423 15:58:25.493" level="FAIL">No application is open</msg>
<status status="FAIL" starttime="20230423 15:58:25.493" endtime="20230423 15:58:25.494"/>
</kw>
<msg timestamp="20230423 15:58:25.497" level="WARN">Keyword 'Capture Page Screenshot' could not be run on failure: No application is open</msg>
<msg timestamp="20230423 15:58:25.499" level="FAIL">WebDriverException: Message: App Automate testing time has expired. Contact BrowserStack Support at https://www.browserstack.com/contact for extending your Free Trial.
</msg>
<status status="FAIL" starttime="20230423 15:58:24.626" endtime="20230423 15:58:25.499"/>
</kw>
<kw name="IMPLICIT WAIT" library="implicit-wait">
<arg>15</arg>
<status status="NOT RUN" starttime="20230423 15:58:25.500" endtime="20230423 15:58:25.500"/>
</kw>
<status status="FAIL" starttime="20230423 15:58:24.625" endtime="20230423 15:58:25.500"/>
</kw>
<kw name="Wait Until Element Is Visible" library="AppiumLibrary">
<arg>${btnMult}</arg>
<doc>Waits until element specified with `locator` is visible.</doc>
<status status="NOT RUN" starttime="20230423 15:58:25.500" endtime="20230423 15:58:25.500"/>
</kw>
<status status="FAIL" starttime="20230423 15:58:24.623" endtime="20230423 15:58:25.501"/>
</kw>
<kw name="Quando digito o numero ${NUMERO_1}" library="EsquemaDeCenarioSteps" sourcename="Quando digito o numero ${x}">
<status status="NOT RUN" starttime="20230423 15:58:25.501" endtime="20230423 15:58:25.501"/>
</kw>
<kw name="E multiplico com o numero ${NUMERO_2}" library="EsquemaDeCenarioSteps" sourcename="E multiplico com o numero ${m}">
<status status="NOT RUN" starttime="20230423 15:58:25.501" endtime="20230423 15:58:25.501"/>
</kw>
<kw name="Entao o resultado obtido da multiplicação é ${RESULTADO}" library="EsquemaDeCenarioSteps" sourcename="Entao o resultado obtido da multiplicação é ${z}">
<status status="NOT RUN" starttime="20230423 15:58:25.501" endtime="20230423 15:58:25.501"/>
</kw>
<status status="FAIL" starttime="20230423 15:58:24.623" endtime="20230423 15:58:25.501"/>
</kw>
<kw name="Template Scenario Outline 02 - Multiplicação">
<arg>OnePlus 9</arg>
<arg>8</arg>
<arg>8</arg>
<arg>64</arg>
<kw name="Dado que estou na pagina da calculadora no device ${DEVICE}" library="EsquemaDeCenarioSteps" sourcename="Dado que estou na pagina da calculadora no device ${d}">
<kw name="Set Test Variable" library="BuiltIn">
<arg>${DEVICE}</arg>
<arg>${d}</arg>
<doc>Makes a variable available everywhere within the scope of the current test.</doc>
<msg timestamp="20230423 15:58:25.504" level="INFO">${DEVICE} = OnePlus 9</msg>
<status status="PASS" starttime="20230423 15:58:25.503" endtime="20230423 15:58:25.504"/>
</kw>
<kw name="inicia app" library="MobileManager">
<arg>${DEVICE}</arg>
<kw name="Open Application" library="AppiumLibrary">
<arg>app=${APP_ID}</arg>
<arg>remote_url=${REMOTE_URL}</arg>
<arg>deviceName=${DEVICE}</arg>
<arg>name=Teste Robot</arg>
<arg>build=browserstack-robot-framework</arg>
<arg>platformName=${ANDROID_PLATFORM_NAME}</arg>
<arg>autoGrantPermissions=${True}</arg>
<doc>Opens a new application to given Appium server.
Capabilities of appium server, Android and iOS,
Please check https://github.com/appium/appium/blob/master/docs/en/writing-running-appium/server-args.md
| *Option*            | *Man.* | *Description*     |
| remote_url          | Yes    | Appium server url |
| alias               | no     | alias             |
| strict_ssl          | No     | allows you to send commands to an invalid certificate host like a self-signed one. |</doc>
<kw name="Capture Page Screenshot" library="AppiumLibrary">
<doc>Takes a screenshot of the current page and embeds it into the log.</doc>
<msg timestamp="20230423 15:58:26.311" level="FAIL">No application is open</msg>
<status status="FAIL" starttime="20230423 15:58:26.311" endtime="20230423 15:58:26.313"/>
</kw>
<msg timestamp="20230423 15:58:26.315" level="WARN">Keyword 'Capture Page Screenshot' could not be run on failure: No application is open</msg>
<msg timestamp="20230423 15:58:26.316" level="FAIL">WebDriverException: Message: App Automate testing time has expired. Contact BrowserStack Support at https://www.browserstack.com/contact for extending your Free Trial.
</msg>
<status status="FAIL" starttime="20230423 15:58:25.505" endtime="20230423 15:58:26.317"/>
</kw>
<kw name="IMPLICIT WAIT" library="implicit-wait">
<arg>15</arg>
<status status="NOT RUN" starttime="20230423 15:58:26.317" endtime="20230423 15:58:26.317"/>
</kw>
<status status="FAIL" starttime="20230423 15:58:25.504" endtime="20230423 15:58:26.318"/>
</kw>
<kw name="Wait Until Element Is Visible" library="AppiumLibrary">
<arg>${btnMult}</arg>
<doc>Waits until element specified with `locator` is visible.</doc>
<status status="NOT RUN" starttime="20230423 15:58:26.318" endtime="20230423 15:58:26.318"/>
</kw>
<status status="FAIL" starttime="20230423 15:58:25.503" endtime="20230423 15:58:26.318"/>
</kw>
<kw name="Quando digito o numero ${NUMERO_1}" library="EsquemaDeCenarioSteps" sourcename="Quando digito o numero ${x}">
<status status="NOT RUN" starttime="20230423 15:58:26.318" endtime="20230423 15:58:26.318"/>
</kw>
<kw name="E multiplico com o numero ${NUMERO_2}" library="EsquemaDeCenarioSteps" sourcename="E multiplico com o numero ${m}">
<status status="NOT RUN" starttime="20230423 15:58:26.319" endtime="20230423 15:58:26.319"/>
</kw>
<kw name="Entao o resultado obtido da multiplicação é ${RESULTADO}" library="EsquemaDeCenarioSteps" sourcename="Entao o resultado obtido da multiplicação é ${z}">
<status status="NOT RUN" starttime="20230423 15:58:26.319" endtime="20230423 15:58:26.319"/>
</kw>
<status status="FAIL" starttime="20230423 15:58:25.502" endtime="20230423 15:58:26.319"/>
</kw>
<kw name="Template Scenario Outline 02 - Multiplicação">
<arg>Samsung Galaxy S22 Plus</arg>
<arg>9</arg>
<arg>9</arg>
<arg>81</arg>
<kw name="Dado que estou na pagina da calculadora no device ${DEVICE}" library="EsquemaDeCenarioSteps" sourcename="Dado que estou na pagina da calculadora no device ${d}">
<kw name="Set Test Variable" library="BuiltIn">
<arg>${DEVICE}</arg>
<arg>${d}</arg>
<doc>Makes a variable available everywhere within the scope of the current test.</doc>
<msg timestamp="20230423 15:58:26.321" level="INFO">${DEVICE} = Samsung Galaxy S22 Plus</msg>
<status status="PASS" starttime="20230423 15:58:26.321" endtime="20230423 15:58:26.322"/>
</kw>
<kw name="inicia app" library="MobileManager">
<arg>${DEVICE}</arg>
<kw name="Open Application" library="AppiumLibrary">
<arg>app=${APP_ID}</arg>
<arg>remote_url=${REMOTE_URL}</arg>
<arg>deviceName=${DEVICE}</arg>
<arg>name=Teste Robot</arg>
<arg>build=browserstack-robot-framework</arg>
<arg>platformName=${ANDROID_PLATFORM_NAME}</arg>
<arg>autoGrantPermissions=${True}</arg>
<doc>Opens a new application to given Appium server.
Capabilities of appium server, Android and iOS,
Please check https://github.com/appium/appium/blob/master/docs/en/writing-running-appium/server-args.md
| *Option*            | *Man.* | *Description*     |
| remote_url          | Yes    | Appium server url |
| alias               | no     | alias             |
| strict_ssl          | No     | allows you to send commands to an invalid certificate host like a self-signed one. |</doc>
<kw name="Capture Page Screenshot" library="AppiumLibrary">
<doc>Takes a screenshot of the current page and embeds it into the log.</doc>
<msg timestamp="20230423 15:58:27.125" level="FAIL">No application is open</msg>
<status status="FAIL" starttime="20230423 15:58:27.125" endtime="20230423 15:58:27.126"/>
</kw>
<msg timestamp="20230423 15:58:27.129" level="WARN">Keyword 'Capture Page Screenshot' could not be run on failure: No application is open</msg>
<msg timestamp="20230423 15:58:27.130" level="FAIL">WebDriverException: Message: App Automate testing time has expired. Contact BrowserStack Support at https://www.browserstack.com/contact for extending your Free Trial.
</msg>
<status status="FAIL" starttime="20230423 15:58:26.323" endtime="20230423 15:58:27.131"/>
</kw>
<kw name="IMPLICIT WAIT" library="implicit-wait">
<arg>15</arg>
<status status="NOT RUN" starttime="20230423 15:58:27.131" endtime="20230423 15:58:27.131"/>
</kw>
<status status="FAIL" starttime="20230423 15:58:26.322" endtime="20230423 15:58:27.131"/>
</kw>
<kw name="Wait Until Element Is Visible" library="AppiumLibrary">
<arg>${btnMult}</arg>
<doc>Waits until element specified with `locator` is visible.</doc>
<status status="NOT RUN" starttime="20230423 15:58:27.132" endtime="20230423 15:58:27.132"/>
</kw>
<status status="FAIL" starttime="20230423 15:58:26.320" endtime="20230423 15:58:27.132"/>
</kw>
<kw name="Quando digito o numero ${NUMERO_1}" library="EsquemaDeCenarioSteps" sourcename="Quando digito o numero ${x}">
<status status="NOT RUN" starttime="20230423 15:58:27.132" endtime="20230423 15:58:27.132"/>
</kw>
<kw name="E multiplico com o numero ${NUMERO_2}" library="EsquemaDeCenarioSteps" sourcename="E multiplico com o numero ${m}">
<status status="NOT RUN" starttime="20230423 15:58:27.132" endtime="20230423 15:58:27.133"/>
</kw>
<kw name="Entao o resultado obtido da multiplicação é ${RESULTADO}" library="EsquemaDeCenarioSteps" sourcename="Entao o resultado obtido da multiplicação é ${z}">
<status status="NOT RUN" starttime="20230423 15:58:27.133" endtime="20230423 15:58:27.133"/>
</kw>
<status status="FAIL" starttime="20230423 15:58:26.320" endtime="20230423 15:58:27.133"/>
</kw>
<kw name="Template Scenario Outline 02 - Multiplicação">
<arg>Oppo A96</arg>
<arg>10</arg>
<arg>10</arg>
<arg>100</arg>
<kw name="Dado que estou na pagina da calculadora no device ${DEVICE}" library="EsquemaDeCenarioSteps" sourcename="Dado que estou na pagina da calculadora no device ${d}">
<kw name="Set Test Variable" library="BuiltIn">
<arg>${DEVICE}</arg>
<arg>${d}</arg>
<doc>Makes a variable available everywhere within the scope of the current test.</doc>
<msg timestamp="20230423 15:58:27.135" level="INFO">${DEVICE} = Oppo A96</msg>
<status status="PASS" starttime="20230423 15:58:27.135" endtime="20230423 15:58:27.135"/>
</kw>
<kw name="inicia app" library="MobileManager">
<arg>${DEVICE}</arg>
<kw name="Open Application" library="AppiumLibrary">
<arg>app=${APP_ID}</arg>
<arg>remote_url=${REMOTE_URL}</arg>
<arg>deviceName=${DEVICE}</arg>
<arg>name=Teste Robot</arg>
<arg>build=browserstack-robot-framework</arg>
<arg>platformName=${ANDROID_PLATFORM_NAME}</arg>
<arg>autoGrantPermissions=${True}</arg>
<doc>Opens a new application to given Appium server.
Capabilities of appium server, Android and iOS,
Please check https://github.com/appium/appium/blob/master/docs/en/writing-running-appium/server-args.md
| *Option*            | *Man.* | *Description*     |
| remote_url          | Yes    | Appium server url |
| alias               | no     | alias             |
| strict_ssl          | No     | allows you to send commands to an invalid certificate host like a self-signed one. |</doc>
<kw name="Capture Page Screenshot" library="AppiumLibrary">
<doc>Takes a screenshot of the current page and embeds it into the log.</doc>
<msg timestamp="20230423 15:58:27.942" level="FAIL">No application is open</msg>
<status status="FAIL" starttime="20230423 15:58:27.941" endtime="20230423 15:58:27.943"/>
</kw>
<msg timestamp="20230423 15:58:27.946" level="WARN">Keyword 'Capture Page Screenshot' could not be run on failure: No application is open</msg>
<msg timestamp="20230423 15:58:27.947" level="FAIL">WebDriverException: Message: App Automate testing time has expired. Contact BrowserStack Support at https://www.browserstack.com/contact for extending your Free Trial.
</msg>
<status status="FAIL" starttime="20230423 15:58:27.136" endtime="20230423 15:58:27.948"/>
</kw>
<kw name="IMPLICIT WAIT" library="implicit-wait">
<arg>15</arg>
<status status="NOT RUN" starttime="20230423 15:58:27.948" endtime="20230423 15:58:27.948"/>
</kw>
<status status="FAIL" starttime="20230423 15:58:27.135" endtime="20230423 15:58:27.948"/>
</kw>
<kw name="Wait Until Element Is Visible" library="AppiumLibrary">
<arg>${btnMult}</arg>
<doc>Waits until element specified with `locator` is visible.</doc>
<status status="NOT RUN" starttime="20230423 15:58:27.949" endtime="20230423 15:58:27.949"/>
</kw>
<status status="FAIL" starttime="20230423 15:58:27.134" endtime="20230423 15:58:27.949"/>
</kw>
<kw name="Quando digito o numero ${NUMERO_1}" library="EsquemaDeCenarioSteps" sourcename="Quando digito o numero ${x}">
<status status="NOT RUN" starttime="20230423 15:58:27.949" endtime="20230423 15:58:27.949"/>
</kw>
<kw name="E multiplico com o numero ${NUMERO_2}" library="EsquemaDeCenarioSteps" sourcename="E multiplico com o numero ${m}">
<status status="NOT RUN" starttime="20230423 15:58:27.949" endtime="20230423 15:58:27.950"/>
</kw>
<kw name="Entao o resultado obtido da multiplicação é ${RESULTADO}" library="EsquemaDeCenarioSteps" sourcename="Entao o resultado obtido da multiplicação é ${z}">
<status status="NOT RUN" starttime="20230423 15:58:27.950" endtime="20230423 15:58:27.950"/>
</kw>
<status status="FAIL" starttime="20230423 15:58:27.133" endtime="20230423 15:58:27.950"/>
</kw>
<kw name="Template Scenario Outline 02 - Multiplicação">
<arg>Samsung Galaxy Note 10 Plus</arg>
<arg>11</arg>
<arg>11</arg>
<arg>111</arg>
<kw name="Dado que estou na pagina da calculadora no device ${DEVICE}" library="EsquemaDeCenarioSteps" sourcename="Dado que estou na pagina da calculadora no device ${d}">
<kw name="Set Test Variable" library="BuiltIn">
<arg>${DEVICE}</arg>
<arg>${d}</arg>
<doc>Makes a variable available everywhere within the scope of the current test.</doc>
<msg timestamp="20230423 15:58:27.952" level="INFO">${DEVICE} = Samsung Galaxy Note 10 Plus</msg>
<status status="PASS" starttime="20230423 15:58:27.952" endtime="20230423 15:58:27.952"/>
</kw>
<kw name="inicia app" library="MobileManager">
<arg>${DEVICE}</arg>
<kw name="Open Application" library="AppiumLibrary">
<arg>app=${APP_ID}</arg>
<arg>remote_url=${REMOTE_URL}</arg>
<arg>deviceName=${DEVICE}</arg>
<arg>name=Teste Robot</arg>
<arg>build=browserstack-robot-framework</arg>
<arg>platformName=${ANDROID_PLATFORM_NAME}</arg>
<arg>autoGrantPermissions=${True}</arg>
<doc>Opens a new application to given Appium server.
Capabilities of appium server, Android and iOS,
Please check https://github.com/appium/appium/blob/master/docs/en/writing-running-appium/server-args.md
| *Option*            | *Man.* | *Description*     |
| remote_url          | Yes    | Appium server url |
| alias               | no     | alias             |
| strict_ssl          | No     | allows you to send commands to an invalid certificate host like a self-signed one. |</doc>
<kw name="Capture Page Screenshot" library="AppiumLibrary">
<doc>Takes a screenshot of the current page and embeds it into the log.</doc>
<msg timestamp="20230423 15:58:28.743" level="FAIL">No application is open</msg>
<status status="FAIL" starttime="20230423 15:58:28.743" endtime="20230423 15:58:28.744"/>
</kw>
<msg timestamp="20230423 15:58:28.747" level="WARN">Keyword 'Capture Page Screenshot' could not be run on failure: No application is open</msg>
<msg timestamp="20230423 15:58:28.748" level="FAIL">WebDriverException: Message: App Automate testing time has expired. Contact BrowserStack Support at https://www.browserstack.com/contact for extending your Free Trial.
</msg>
<status status="FAIL" starttime="20230423 15:58:27.953" endtime="20230423 15:58:28.749"/>
</kw>
<kw name="IMPLICIT WAIT" library="implicit-wait">
<arg>15</arg>
<status status="NOT RUN" starttime="20230423 15:58:28.750" endtime="20230423 15:58:28.750"/>
</kw>
<status status="FAIL" starttime="20230423 15:58:27.952" endtime="20230423 15:58:28.750"/>
</kw>
<kw name="Wait Until Element Is Visible" library="AppiumLibrary">
<arg>${btnMult}</arg>
<doc>Waits until element specified with `locator` is visible.</doc>
<status status="NOT RUN" starttime="20230423 15:58:28.750" endtime="20230423 15:58:28.750"/>
</kw>
<status status="FAIL" starttime="20230423 15:58:27.951" endtime="20230423 15:58:28.750"/>
</kw>
<kw name="Quando digito o numero ${NUMERO_1}" library="EsquemaDeCenarioSteps" sourcename="Quando digito o numero ${x}">
<status status="NOT RUN" starttime="20230423 15:58:28.751" endtime="20230423 15:58:28.751"/>
</kw>
<kw name="E multiplico com o numero ${NUMERO_2}" library="EsquemaDeCenarioSteps" sourcename="E multiplico com o numero ${m}">
<status status="NOT RUN" starttime="20230423 15:58:28.751" endtime="20230423 15:58:28.751"/>
</kw>
<kw name="Entao o resultado obtido da multiplicação é ${RESULTADO}" library="EsquemaDeCenarioSteps" sourcename="Entao o resultado obtido da multiplicação é ${z}">
<status status="NOT RUN" starttime="20230423 15:58:28.751" endtime="20230423 15:58:28.751"/>
</kw>
<status status="FAIL" starttime="20230423 15:58:27.950" endtime="20230423 15:58:28.751"/>
</kw>
<kw name="Template Scenario Outline 02 - Multiplicação">
<arg>OnePlus 7T</arg>
<arg>12</arg>
<arg>12</arg>
<arg>144</arg>
<kw name="Dado que estou na pagina da calculadora no device ${DEVICE}" library="EsquemaDeCenarioSteps" sourcename="Dado que estou na pagina da calculadora no device ${d}">
<kw name="Set Test Variable" library="BuiltIn">
<arg>${DEVICE}</arg>
<arg>${d}</arg>
<doc>Makes a variable available everywhere within the scope of the current test.</doc>
<msg timestamp="20230423 15:58:28.753" level="INFO">${DEVICE} = OnePlus 7T</msg>
<status status="PASS" starttime="20230423 15:58:28.753" endtime="20230423 15:58:28.753"/>
</kw>
<kw name="inicia app" library="MobileManager">
<arg>${DEVICE}</arg>
<kw name="Open Application" library="AppiumLibrary">
<arg>app=${APP_ID}</arg>
<arg>remote_url=${REMOTE_URL}</arg>
<arg>deviceName=${DEVICE}</arg>
<arg>name=Teste Robot</arg>
<arg>build=browserstack-robot-framework</arg>
<arg>platformName=${ANDROID_PLATFORM_NAME}</arg>
<arg>autoGrantPermissions=${True}</arg>
<doc>Opens a new application to given Appium server.
Capabilities of appium server, Android and iOS,
Please check https://github.com/appium/appium/blob/master/docs/en/writing-running-appium/server-args.md
| *Option*            | *Man.* | *Description*     |
| remote_url          | Yes    | Appium server url |
| alias               | no     | alias             |
| strict_ssl          | No     | allows you to send commands to an invalid certificate host like a self-signed one. |</doc>
<kw name="Capture Page Screenshot" library="AppiumLibrary">
<doc>Takes a screenshot of the current page and embeds it into the log.</doc>
<msg timestamp="20230423 15:58:29.567" level="FAIL">No application is open</msg>
<status status="FAIL" starttime="20230423 15:58:29.566" endtime="20230423 15:58:29.568"/>
</kw>
<msg timestamp="20230423 15:58:29.572" level="WARN">Keyword 'Capture Page Screenshot' could not be run on failure: No application is open</msg>
<msg timestamp="20230423 15:58:29.574" level="FAIL">WebDriverException: Message: App Automate testing time has expired. Contact BrowserStack Support at https://www.browserstack.com/contact for extending your Free Trial.
</msg>
<status status="FAIL" starttime="20230423 15:58:28.754" endtime="20230423 15:58:29.575"/>
</kw>
<kw name="IMPLICIT WAIT" library="implicit-wait">
<arg>15</arg>
<status status="NOT RUN" starttime="20230423 15:58:29.576" endtime="20230423 15:58:29.576"/>
</kw>
<status status="FAIL" starttime="20230423 15:58:28.754" endtime="20230423 15:58:29.576"/>
</kw>
<kw name="Wait Until Element Is Visible" library="AppiumLibrary">
<arg>${btnMult}</arg>
<doc>Waits until element specified with `locator` is visible.</doc>
<status status="NOT RUN" starttime="20230423 15:58:29.577" endtime="20230423 15:58:29.577"/>
</kw>
<status status="FAIL" starttime="20230423 15:58:28.752" endtime="20230423 15:58:29.577"/>
</kw>
<kw name="Quando digito o numero ${NUMERO_1}" library="EsquemaDeCenarioSteps" sourcename="Quando digito o numero ${x}">
<status status="NOT RUN" starttime="20230423 15:58:29.577" endtime="20230423 15:58:29.577"/>
</kw>
<kw name="E multiplico com o numero ${NUMERO_2}" library="EsquemaDeCenarioSteps" sourcename="E multiplico com o numero ${m}">
<status status="NOT RUN" starttime="20230423 15:58:29.578" endtime="20230423 15:58:29.578"/>
</kw>
<kw name="Entao o resultado obtido da multiplicação é ${RESULTADO}" library="EsquemaDeCenarioSteps" sourcename="Entao o resultado obtido da multiplicação é ${z}">
<status status="NOT RUN" starttime="20230423 15:58:29.578" endtime="20230423 15:58:29.578"/>
</kw>
<status status="FAIL" starttime="20230423 15:58:28.752" endtime="20230423 15:58:29.579"/>
</kw>
<kw name="fecha app" library="MobileManager" type="TEARDOWN">
<kw name="Quit Application" library="AppiumLibrary">
<doc>*DEPRECATED!!* in selenium v4, check `Close Application` keyword.</doc>
<msg timestamp="20230423 15:58:29.581" level="WARN">Keyword 'AppiumLibrary.Quit Application' is deprecated. in selenium v4, check `Close Application` keyword.</msg>
<kw name="Capture Page Screenshot" library="AppiumLibrary">
<doc>Takes a screenshot of the current page and embeds it into the log.</doc>
<msg timestamp="20230423 15:58:29.583" level="FAIL">No application is open</msg>
<status status="FAIL" starttime="20230423 15:58:29.582" endtime="20230423 15:58:29.584"/>
</kw>
<msg timestamp="20230423 15:58:29.588" level="WARN">Keyword 'Capture Page Screenshot' could not be run on failure: No application is open</msg>
<msg timestamp="20230423 15:58:29.590" level="FAIL">No application is open</msg>
<status status="FAIL" starttime="20230423 15:58:29.580" endtime="20230423 15:58:29.591"/>
</kw>
<kw name="Close Application" library="AppiumLibrary">
<doc>Closes the current application and also close webdriver session.</doc>
<kw name="Capture Page Screenshot" library="AppiumLibrary">
<doc>Takes a screenshot of the current page and embeds it into the log.</doc>
<msg timestamp="20230423 15:58:29.592" level="FAIL">No application is open</msg>
<status status="FAIL" starttime="20230423 15:58:29.592" endtime="20230423 15:58:29.594"/>
</kw>
<msg timestamp="20230423 15:58:29.597" level="WARN">Keyword 'Capture Page Screenshot' could not be run on failure: No application is open</msg>
<msg timestamp="20230423 15:58:29.599" level="FAIL">No application is open</msg>
<status status="FAIL" starttime="20230423 15:58:29.591" endtime="20230423 15:58:29.600"/>
</kw>
<status status="FAIL" starttime="20230423 15:58:29.580" endtime="20230423 15:58:29.601">Several failures occurred:

1) No application is open

2) No application is open</status>
</kw>
<status status="FAIL" starttime="20230423 15:58:22.763" endtime="20230423 15:58:29.601">Several failures occurred:

1) WebDriverException: Message: App Automate testing time has expired. Contact BrowserStack Support at https://www.browserstack.com/contact for extending your Free Trial.


2) WebDriverException: Message: App Automate testing time has expired. Contact BrowserStack Support at https://www.browserstack.com/contact for extending your Free Trial.


3) WebDriverException: Message: App Automate testing time has expired. Contact BrowserStack Support at https://www.browserstack.com/contact for extending your Free Trial.


4) WebDriverException: Message: App Automate testing time has expired. Contact BrowserStack Support at https://www.browserstack.com/contact for extending your Free Trial.


5) WebDriverException: Message: App Automate testing time has expired. Contact BrowserStack Support at https://www.browserstack.com/contact for extending your Free Trial.


6) WebDriverException: Message: App Automate testing time has expired. Contact BrowserStack Support at https://www.browserstack.com/contact for extending your Free Trial.


7) WebDriverException: Message: App Automate testing time has expired. Contact BrowserStack Support at https://www.browserstack.com/contact for extending your Free Trial.


8) WebDriverException: Message: App Automate testing time has expired. Contact BrowserStack Support at https://www.browserstack.com/contact for extending your Free Trial.


Also teardown failed:
Several failures occurred:

1) No application is open

2) No application is open</status>
</test>
<status status="FAIL" starttime="20230423 15:58:22.093" endtime="20230423 15:58:29.611"/>
</suite>
<statistics>
<total>
<stat pass="0" fail="1" skip="0">All Tests</stat>
</total>
<tag>
</tag>
<suite>
<stat pass="0" fail="1" skip="0" id="s1" name="Multiplicar">Multiplicar</stat>
</suite>
</statistics>
<errors>
<msg timestamp="20230423 15:58:22.752" level="ERROR">Error in file 'C:\Users\clau\Downloads\BrowserstackRobot\steps\EsquemaDeCenarioSteps.robot' on line 8: Importing library 'C:\Users\clau\Downloads\BrowserstackRobot\common\utils\manage-local-testing.py' failed: ModuleNotFoundError: No module named 'browserstack'
Traceback (most recent call last):
  File "C:\Users\clau\Downloads\BrowserstackRobot\common\utils\manage-local-testing.py", line 6, in &lt;module&gt;
    from browserstack.local import Local
PYTHONPATH:
  C:\Users\clau\Downloads\BrowserstackRobot\common\utils
  C:\Users\clau\AppData\Local\Programs\Python\Python310\Scripts\robot.exe
  C:\Users\clau\AppData\Local\Programs\Python\Python310\python310.zip
  C:\Users\clau\AppData\Local\Programs\Python\Python310\DLLs
  C:\Users\clau\AppData\Local\Programs\Python\Python310\lib
  C:\Users\clau\AppData\Local\Programs\Python\Python310
  C:\Users\clau\AppData\Local\Programs\Python\Python310\lib\site-packages</msg>
<msg timestamp="20230423 15:58:23.792" level="WARN">Keyword 'Capture Page Screenshot' could not be run on failure: No application is open</msg>
<msg timestamp="20230423 15:58:24.618" level="WARN">Keyword 'Capture Page Screenshot' could not be run on failure: No application is open</msg>
<msg timestamp="20230423 15:58:25.497" level="WARN">Keyword 'Capture Page Screenshot' could not be run on failure: No application is open</msg>
<msg timestamp="20230423 15:58:26.315" level="WARN">Keyword 'Capture Page Screenshot' could not be run on failure: No application is open</msg>
<msg timestamp="20230423 15:58:27.129" level="WARN">Keyword 'Capture Page Screenshot' could not be run on failure: No application is open</msg>
<msg timestamp="20230423 15:58:27.946" level="WARN">Keyword 'Capture Page Screenshot' could not be run on failure: No application is open</msg>
<msg timestamp="20230423 15:58:28.747" level="WARN">Keyword 'Capture Page Screenshot' could not be run on failure: No application is open</msg>
<msg timestamp="20230423 15:58:29.572" level="WARN">Keyword 'Capture Page Screenshot' could not be run on failure: No application is open</msg>
<msg timestamp="20230423 15:58:29.581" level="WARN">Keyword 'AppiumLibrary.Quit Application' is deprecated. in selenium v4, check `Close Application` keyword.</msg>
<msg timestamp="20230423 15:58:29.588" level="WARN">Keyword 'Capture Page Screenshot' could not be run on failure: No application is open</msg>
<msg timestamp="20230423 15:58:29.597" level="WARN">Keyword 'Capture Page Screenshot' could not be run on failure: No application is open</msg>
</errors>
</robot>
